The system is: Linux - 4.18.0-193.6.3.el8_2.x86_64 - x86_64
Compiling the C compiler identification source file "CMakeCCompilerId.c" succeeded.
Compiler: /bin/cc 
Build flags: 
Id flags:  

The output was:
0


Compilation of the C compiler identification source "CMakeCCompilerId.c" produced "a.out"

The C compiler identification is GNU, found in "/home/mikailg/ECE8930/veloc_src/build/CMakeFiles/3.18.2/CompilerIdC/a.out"

Compiling the CXX compiler identification source file "CMakeCXXCompilerId.cpp" succeeded.
Compiler: /bin/c++ 
Build flags: 
Id flags:  

The output was:
0


Compilation of the CXX compiler identification source "CMakeCXXCompilerId.cpp" produced "a.out"

The CXX compiler identification is GNU, found in "/home/mikailg/ECE8930/veloc_src/build/CMakeFiles/3.18.2/CompilerIdCXX/a.out"

Detecting C compiler ABI info compiled with the following output:
Change Dir: /home/mikailg/ECE8930/veloc_src/build/CMakeFiles/CMakeTmp

Run Build Command(s):/bin/gmake cmTC_db052/fast && /bin/gmake  -f CMakeFiles/cmTC_db052.dir/build.make CMakeFiles/cmTC_db052.dir/build
gmake[1]: Entering directory '/home/mikailg/ECE8930/veloc_src/build/CMakeFiles/CMakeTmp'
Building C object CMakeFiles/cmTC_db052.dir/CMakeCCompilerABI.c.o
/bin/cc   -v -o CMakeFiles/cmTC_db052.dir/CMakeCCompilerABI.c.o -c /usr/share/cmake/Modules/CMakeCCompilerABI.c
Using built-in specs.
COLLECT_GCC=/bin/cc
OFFLOAD_TARGET_NAMES=nvptx-none
OFFLOAD_TARGET_DEFAULT=1
Target: x86_64-redhat-linux
Configured with: ../configure --enable-bootstrap --enable-languages=c,c++,fortran,lto --prefix=/usr --mandir=/usr/share/man --infodir=/usr/share/info --with-bugurl=http://bugzilla.redhat.com/bugzilla --enable-shared --enable-threads=posix --enable-checking=release --enable-multilib --with-system-zlib --enable-__cxa_atexit --disable-libunwind-exceptions --enable-gnu-unique-object --enable-linker-build-id --with-gcc-major-version-only --with-linker-hash-style=gnu --enable-plugin --enable-initfini-array --with-isl --disable-libmpx --enable-offload-targets=nvptx-none --without-cuda-driver --enable-gnu-indirect-function --enable-cet --with-tune=generic --with-arch_32=x86-64 --build=x86_64-redhat-linux
Thread model: posix
gcc version 8.4.1 20200928 (Red Hat 8.4.1-1) (GCC) 
COLLECT_GCC_OPTIONS='-v' '-o' 'CMakeFiles/cmTC_db052.dir/CMakeCCompilerABI.c.o' '-c' '-mtune=generic' '-march=x86-64'
 /usr/libexec/gcc/x86_64-redhat-linux/8/cc1 -quiet -v /usr/share/cmake/Modules/CMakeCCompilerABI.c -quiet -dumpbase CMakeCCompilerABI.c -mtune=generic -march=x86-64 -auxbase-strip CMakeFiles/cmTC_db052.dir/CMakeCCompilerABI.c.o -version -o /local_scratch/pbs.3967459.pbs02/cc8W7jLB.s
GNU C17 (GCC) version 8.4.1 20200928 (Red Hat 8.4.1-1) (x86_64-redhat-linux)
	compiled by GNU C version 8.4.1 20200928 (Red Hat 8.4.1-1), GMP version 6.1.2, MPFR version 3.1.6-p2, MPC version 1.0.2, isl version isl-0.16.1-GMP

warning: MPC header version 1.0.2 differs from library version 1.1.0.
GGC heuristics: --param ggc-min-expand=100 --param ggc-min-heapsize=131072
ignoring nonexistent directory "/usr/lib/gcc/x86_64-redhat-linux/8/include-fixed"
ignoring nonexistent directory "/usr/lib/gcc/x86_64-redhat-linux/8/../../../../x86_64-redhat-linux/include"
#include "..." search starts here:
#include <...> search starts here:
 /software/spackages/linux-centos8-x86_64/gcc-8.4.1/boost-1.65.0-7khgefmy7b6h33q2bvsa4gwbtyathj37/include
 /software/spackages/linux-centos8-x86_64/gcc-8.4.1/hwloc-1.11.11-lomvaodzuhiy6e4ep77gizazaudfd7lw/include
 /software/spackages/linux-centos8-x86_64/gcc-8.4.1/libiconv-1.16-5w3k7reekk6hcreoiw4ctkidltpery7x/include
 /software/spackages/linux-centos8-x86_64/gcc-8.4.1/libpciaccess-0.16-vk6vkhypqo2gantbng2hifdkzsfa4vi6/include
 /software/spackages/linux-centos8-x86_64/gcc-8.4.1/libxml2-2.9.10-4juad7kpcxw7ko2ubahhi7tnlritl2aq/include
 /software/spackages/linux-centos8-x86_64/gcc-8.4.1/numactl-2.0.14-rh7djo5fq4g5kee4wijvqxqinr7stx3r/include
 /software/spackages/linux-centos8-x86_64/gcc-8.4.1/openmpi-3.1.6-vgm2v2kplihuze3q5ozerlxzman3scic/include
 /software/spackages/linux-centos8-x86_64/gcc-8.4.1/zlib-1.2.11-gvnjtfqd5zskg2eeduzbqlakpdmpzne4/include
 /software/spackages/linux-centos8-x86_64/gcc-8.3.1/cuda-10.2.89-bsydnscqeeeoytpr2buzenenj2uex3ux/include
 /usr/lib/gcc/x86_64-redhat-linux/8/include
 /usr/local/include
 /usr/include
End of search list.
GNU C17 (GCC) version 8.4.1 20200928 (Red Hat 8.4.1-1) (x86_64-redhat-linux)
	compiled by GNU C version 8.4.1 20200928 (Red Hat 8.4.1-1), GMP version 6.1.2, MPFR version 3.1.6-p2, MPC version 1.0.2, isl version isl-0.16.1-GMP

warning: MPC header version 1.0.2 differs from library version 1.1.0.
GGC heuristics: --param ggc-min-expand=100 --param ggc-min-heapsize=131072
Compiler executable checksum: ba4472413baf586bad38c66b3c26fe90
COLLECT_GCC_OPTIONS='-v' '-o' 'CMakeFiles/cmTC_db052.dir/CMakeCCompilerABI.c.o' '-c' '-mtune=generic' '-march=x86-64'
 as -v --64 -o CMakeFiles/cmTC_db052.dir/CMakeCCompilerABI.c.o /local_scratch/pbs.3967459.pbs02/cc8W7jLB.s
GNU assembler version 2.30 (x86_64-redhat-linux) using BFD version version 2.30-93.el8
COMPILER_PATH=/usr/libexec/gcc/x86_64-redhat-linux/8/:/usr/libexec/gcc/x86_64-redhat-linux/8/:/usr/libexec/gcc/x86_64-redhat-linux/:/usr/lib/gcc/x86_64-redhat-linux/8/:/usr/lib/gcc/x86_64-redhat-linux/
LIBRARY_PATH=/usr/lib/gcc/x86_64-redhat-linux/8/:/usr/lib/gcc/x86_64-redhat-linux/8/../../../../lib64/:/lib/../lib64/:/usr/lib/../lib64/:/software/spackages/linux-centos8-x86_64/gcc-8.4.1/boost-1.65.0-7khgefmy7b6h33q2bvsa4gwbtyathj37/lib/:/software/spackages/linux-centos8-x86_64/gcc-8.4.1/hwloc-1.11.11-lomvaodzuhiy6e4ep77gizazaudfd7lw/lib/:/software/spackages/linux-centos8-x86_64/gcc-8.4.1/libiconv-1.16-5w3k7reekk6hcreoiw4ctkidltpery7x/lib/:/software/spackages/linux-centos8-x86_64/gcc-8.4.1/libpciaccess-0.16-vk6vkhypqo2gantbng2hifdkzsfa4vi6/lib/:/software/spackages/linux-centos8-x86_64/gcc-8.4.1/libxml2-2.9.10-4juad7kpcxw7ko2ubahhi7tnlritl2aq/lib/:/software/spackages/linux-centos8-x86_64/gcc-8.4.1/numactl-2.0.14-rh7djo5fq4g5kee4wijvqxqinr7stx3r/lib/:/software/spackages/linux-centos8-x86_64/gcc-8.4.1/openmpi-3.1.6-vgm2v2kplihuze3q5ozerlxzman3scic/lib/:/software/spackages/linux-centos8-x86_64/gcc-8.4.1/zlib-1.2.11-gvnjtfqd5zskg2eeduzbqlakpdmpzne4/lib/:/software/spackages/linux-centos8-x86_64/gcc-8.3.1/cuda-10.2.89-bsydnscqeeeoytpr2buzenenj2uex3ux/lib64/:/usr/lib/gcc/x86_64-redhat-linux/8/../../../:/lib/:/usr/lib/
COLLECT_GCC_OPTIONS='-v' '-o' 'CMakeFiles/cmTC_db052.dir/CMakeCCompilerABI.c.o' '-c' '-mtune=generic' '-march=x86-64'
Linking C executable cmTC_db052
/usr/bin/cmake -E cmake_link_script CMakeFiles/cmTC_db052.dir/link.txt --verbose=1
/bin/cc  -v CMakeFiles/cmTC_db052.dir/CMakeCCompilerABI.c.o -o cmTC_db052 
Using built-in specs.
COLLECT_GCC=/bin/cc
COLLECT_LTO_WRAPPER=/usr/libexec/gcc/x86_64-redhat-linux/8/lto-wrapper
OFFLOAD_TARGET_NAMES=nvptx-none
OFFLOAD_TARGET_DEFAULT=1
Target: x86_64-redhat-linux
Configured with: ../configure --enable-bootstrap --enable-languages=c,c++,fortran,lto --prefix=/usr --mandir=/usr/share/man --infodir=/usr/share/info --with-bugurl=http://bugzilla.redhat.com/bugzilla --enable-shared --enable-threads=posix --enable-checking=release --enable-multilib --with-system-zlib --enable-__cxa_atexit --disable-libunwind-exceptions --enable-gnu-unique-object --enable-linker-build-id --with-gcc-major-version-only --with-linker-hash-style=gnu --enable-plugin --enable-initfini-array --with-isl --disable-libmpx --enable-offload-targets=nvptx-none --without-cuda-driver --enable-gnu-indirect-function --enable-cet --with-tune=generic --with-arch_32=x86-64 --build=x86_64-redhat-linux
Thread model: posix
gcc version 8.4.1 20200928 (Red Hat 8.4.1-1) (GCC) 
COMPILER_PATH=/usr/libexec/gcc/x86_64-redhat-linux/8/:/usr/libexec/gcc/x86_64-redhat-linux/8/:/usr/libexec/gcc/x86_64-redhat-linux/:/usr/lib/gcc/x86_64-redhat-linux/8/:/usr/lib/gcc/x86_64-redhat-linux/
LIBRARY_PATH=/usr/lib/gcc/x86_64-redhat-linux/8/:/usr/lib/gcc/x86_64-redhat-linux/8/../../../../lib64/:/lib/../lib64/:/usr/lib/../lib64/:/software/spackages/linux-centos8-x86_64/gcc-8.4.1/boost-1.65.0-7khgefmy7b6h33q2bvsa4gwbtyathj37/lib/:/software/spackages/linux-centos8-x86_64/gcc-8.4.1/hwloc-1.11.11-lomvaodzuhiy6e4ep77gizazaudfd7lw/lib/:/software/spackages/linux-centos8-x86_64/gcc-8.4.1/libiconv-1.16-5w3k7reekk6hcreoiw4ctkidltpery7x/lib/:/software/spackages/linux-centos8-x86_64/gcc-8.4.1/libpciaccess-0.16-vk6vkhypqo2gantbng2hifdkzsfa4vi6/lib/:/software/spackages/linux-centos8-x86_64/gcc-8.4.1/libxml2-2.9.10-4juad7kpcxw7ko2ubahhi7tnlritl2aq/lib/:/software/spackages/linux-centos8-x86_64/gcc-8.4.1/numactl-2.0.14-rh7djo5fq4g5kee4wijvqxqinr7stx3r/lib/:/software/spackages/linux-centos8-x86_64/gcc-8.4.1/openmpi-3.1.6-vgm2v2kplihuze3q5ozerlxzman3scic/lib/:/software/spackages/linux-centos8-x86_64/gcc-8.4.1/zlib-1.2.11-gvnjtfqd5zskg2eeduzbqlakpdmpzne4/lib/:/software/spackages/linux-centos8-x86_64/gcc-8.3.1/cuda-10.2.89-bsydnscqeeeoytpr2buzenenj2uex3ux/lib64/:/usr/lib/gcc/x86_64-redhat-linux/8/../../../:/lib/:/usr/lib/
COLLECT_GCC_OPTIONS='-v' '-o' 'cmTC_db052' '-mtune=generic' '-march=x86-64'
 /usr/libexec/gcc/x86_64-redhat-linux/8/collect2 -plugin /usr/libexec/gcc/x86_64-redhat-linux/8/liblto_plugin.so -plugin-opt=/usr/libexec/gcc/x86_64-redhat-linux/8/lto-wrapper -plugin-opt=-fresolution=/local_scratch/pbs.3967459.pbs02/ccYFmcB1.res -plugin-opt=-pass-through=-lgcc -plugin-opt=-pass-through=-lgcc_s -plugin-opt=-pass-through=-lc -plugin-opt=-pass-through=-lgcc -plugin-opt=-pass-through=-lgcc_s --build-id --no-add-needed --eh-frame-hdr --hash-style=gnu -m elf_x86_64 -dynamic-linker /lib64/ld-linux-x86-64.so.2 -o cmTC_db052 /usr/lib/gcc/x86_64-redhat-linux/8/../../../../lib64/crt1.o /usr/lib/gcc/x86_64-redhat-linux/8/../../../../lib64/crti.o /usr/lib/gcc/x86_64-redhat-linux/8/crtbegin.o -L/usr/lib/gcc/x86_64-redhat-linux/8 -L/usr/lib/gcc/x86_64-redhat-linux/8/../../../../lib64 -L/lib/../lib64 -L/usr/lib/../lib64 -L/software/spackages/linux-centos8-x86_64/gcc-8.4.1/boost-1.65.0-7khgefmy7b6h33q2bvsa4gwbtyathj37/lib -L/software/spackages/linux-centos8-x86_64/gcc-8.4.1/hwloc-1.11.11-lomvaodzuhiy6e4ep77gizazaudfd7lw/lib -L/software/spackages/linux-centos8-x86_64/gcc-8.4.1/libiconv-1.16-5w3k7reekk6hcreoiw4ctkidltpery7x/lib -L/software/spackages/linux-centos8-x86_64/gcc-8.4.1/libpciaccess-0.16-vk6vkhypqo2gantbng2hifdkzsfa4vi6/lib -L/software/spackages/linux-centos8-x86_64/gcc-8.4.1/libxml2-2.9.10-4juad7kpcxw7ko2ubahhi7tnlritl2aq/lib -L/software/spackages/linux-centos8-x86_64/gcc-8.4.1/numactl-2.0.14-rh7djo5fq4g5kee4wijvqxqinr7stx3r/lib -L/software/spackages/linux-centos8-x86_64/gcc-8.4.1/openmpi-3.1.6-vgm2v2kplihuze3q5ozerlxzman3scic/lib -L/software/spackages/linux-centos8-x86_64/gcc-8.4.1/zlib-1.2.11-gvnjtfqd5zskg2eeduzbqlakpdmpzne4/lib -L/software/spackages/linux-centos8-x86_64/gcc-8.3.1/cuda-10.2.89-bsydnscqeeeoytpr2buzenenj2uex3ux/lib64 -L/usr/lib/gcc/x86_64-redhat-linux/8/../../.. CMakeFiles/cmTC_db052.dir/CMakeCCompilerABI.c.o -lgcc --as-needed -lgcc_s --no-as-needed -lc -lgcc --as-needed -lgcc_s --no-as-needed /usr/lib/gcc/x86_64-redhat-linux/8/crtend.o /usr/lib/gcc/x86_64-redhat-linux/8/../../../../lib64/crtn.o
COLLECT_GCC_OPTIONS='-v' '-o' 'cmTC_db052' '-mtune=generic' '-march=x86-64'
gmake[1]: Leaving directory '/home/mikailg/ECE8930/veloc_src/build/CMakeFiles/CMakeTmp'



Parsed C implicit include dir info from above output: rv=done
  found start of include info
  found start of implicit include info
    add: [/software/spackages/linux-centos8-x86_64/gcc-8.4.1/boost-1.65.0-7khgefmy7b6h33q2bvsa4gwbtyathj37/include]
    add: [/software/spackages/linux-centos8-x86_64/gcc-8.4.1/hwloc-1.11.11-lomvaodzuhiy6e4ep77gizazaudfd7lw/include]
    add: [/software/spackages/linux-centos8-x86_64/gcc-8.4.1/libiconv-1.16-5w3k7reekk6hcreoiw4ctkidltpery7x/include]
    add: [/software/spackages/linux-centos8-x86_64/gcc-8.4.1/libpciaccess-0.16-vk6vkhypqo2gantbng2hifdkzsfa4vi6/include]
    add: [/software/spackages/linux-centos8-x86_64/gcc-8.4.1/libxml2-2.9.10-4juad7kpcxw7ko2ubahhi7tnlritl2aq/include]
    add: [/software/spackages/linux-centos8-x86_64/gcc-8.4.1/numactl-2.0.14-rh7djo5fq4g5kee4wijvqxqinr7stx3r/include]
    add: [/software/spackages/linux-centos8-x86_64/gcc-8.4.1/openmpi-3.1.6-vgm2v2kplihuze3q5ozerlxzman3scic/include]
    add: [/software/spackages/linux-centos8-x86_64/gcc-8.4.1/zlib-1.2.11-gvnjtfqd5zskg2eeduzbqlakpdmpzne4/include]
    add: [/software/spackages/linux-centos8-x86_64/gcc-8.3.1/cuda-10.2.89-bsydnscqeeeoytpr2buzenenj2uex3ux/include]
    add: [/usr/lib/gcc/x86_64-redhat-linux/8/include]
    add: [/usr/local/include]
    add: [/usr/include]
  end of search list found
  collapse include dir [/software/spackages/linux-centos8-x86_64/gcc-8.4.1/boost-1.65.0-7khgefmy7b6h33q2bvsa4gwbtyathj37/include] ==> [/software/spackages/linux-centos8-x86_64/gcc-8.4.1/boost-1.65.0-7khgefmy7b6h33q2bvsa4gwbtyathj37/include]
  collapse include dir [/software/spackages/linux-centos8-x86_64/gcc-8.4.1/hwloc-1.11.11-lomvaodzuhiy6e4ep77gizazaudfd7lw/include] ==> [/software/spackages/linux-centos8-x86_64/gcc-8.4.1/hwloc-1.11.11-lomvaodzuhiy6e4ep77gizazaudfd7lw/include]
  collapse include dir [/software/spackages/linux-centos8-x86_64/gcc-8.4.1/libiconv-1.16-5w3k7reekk6hcreoiw4ctkidltpery7x/include] ==> [/software/spackages/linux-centos8-x86_64/gcc-8.4.1/libiconv-1.16-5w3k7reekk6hcreoiw4ctkidltpery7x/include]
  collapse include dir [/software/spackages/linux-centos8-x86_64/gcc-8.4.1/libpciaccess-0.16-vk6vkhypqo2gantbng2hifdkzsfa4vi6/include] ==> [/software/spackages/linux-centos8-x86_64/gcc-8.4.1/libpciaccess-0.16-vk6vkhypqo2gantbng2hifdkzsfa4vi6/include]
  collapse include dir [/software/spackages/linux-centos8-x86_64/gcc-8.4.1/libxml2-2.9.10-4juad7kpcxw7ko2ubahhi7tnlritl2aq/include] ==> [/software/spackages/linux-centos8-x86_64/gcc-8.4.1/libxml2-2.9.10-4juad7kpcxw7ko2ubahhi7tnlritl2aq/include]
  collapse include dir [/software/spackages/linux-centos8-x86_64/gcc-8.4.1/numactl-2.0.14-rh7djo5fq4g5kee4wijvqxqinr7stx3r/include] ==> [/software/spackages/linux-centos8-x86_64/gcc-8.4.1/numactl-2.0.14-rh7djo5fq4g5kee4wijvqxqinr7stx3r/include]
  collapse include dir [/software/spackages/linux-centos8-x86_64/gcc-8.4.1/openmpi-3.1.6-vgm2v2kplihuze3q5ozerlxzman3scic/include] ==> [/software/spackages/linux-centos8-x86_64/gcc-8.4.1/openmpi-3.1.6-vgm2v2kplihuze3q5ozerlxzman3scic/include]
  collapse include dir [/software/spackages/linux-centos8-x86_64/gcc-8.4.1/zlib-1.2.11-gvnjtfqd5zskg2eeduzbqlakpdmpzne4/include] ==> [/software/spackages/linux-centos8-x86_64/gcc-8.4.1/zlib-1.2.11-gvnjtfqd5zskg2eeduzbqlakpdmpzne4/include]
  collapse include dir [/software/spackages/linux-centos8-x86_64/gcc-8.3.1/cuda-10.2.89-bsydnscqeeeoytpr2buzenenj2uex3ux/include] ==> [/software/spackages/linux-centos8-x86_64/gcc-8.3.1/cuda-10.2.89-bsydnscqeeeoytpr2buzenenj2uex3ux/include]
  collapse include dir [/usr/lib/gcc/x86_64-redhat-linux/8/include] ==> [/usr/lib/gcc/x86_64-redhat-linux/8/include]
  collapse include dir [/usr/local/include] ==> [/usr/local/include]
  collapse include dir [/usr/include] ==> [/usr/include]
  implicit include dirs: [/software/spackages/linux-centos8-x86_64/gcc-8.4.1/boost-1.65.0-7khgefmy7b6h33q2bvsa4gwbtyathj37/include;/software/spackages/linux-centos8-x86_64/gcc-8.4.1/hwloc-1.11.11-lomvaodzuhiy6e4ep77gizazaudfd7lw/include;/software/spackages/linux-centos8-x86_64/gcc-8.4.1/libiconv-1.16-5w3k7reekk6hcreoiw4ctkidltpery7x/include;/software/spackages/linux-centos8-x86_64/gcc-8.4.1/libpciaccess-0.16-vk6vkhypqo2gantbng2hifdkzsfa4vi6/include;/software/spackages/linux-centos8-x86_64/gcc-8.4.1/libxml2-2.9.10-4juad7kpcxw7ko2ubahhi7tnlritl2aq/include;/software/spackages/linux-centos8-x86_64/gcc-8.4.1/numactl-2.0.14-rh7djo5fq4g5kee4wijvqxqinr7stx3r/include;/software/spackages/linux-centos8-x86_64/gcc-8.4.1/openmpi-3.1.6-vgm2v2kplihuze3q5ozerlxzman3scic/include;/software/spackages/linux-centos8-x86_64/gcc-8.4.1/zlib-1.2.11-gvnjtfqd5zskg2eeduzbqlakpdmpzne4/include;/software/spackages/linux-centos8-x86_64/gcc-8.3.1/cuda-10.2.89-bsydnscqeeeoytpr2buzenenj2uex3ux/include;/usr/lib/gcc/x86_64-redhat-linux/8/include;/usr/local/include;/usr/include]


Parsed C implicit link information from above output:
  link line regex: [^( *|.*[/\])(ld|CMAKE_LINK_STARTFILE-NOTFOUND|([^/\]+-)?ld|collect2)[^/\]*( |$)]
  ignore line: [Change Dir: /home/mikailg/ECE8930/veloc_src/build/CMakeFiles/CMakeTmp]
  ignore line: []
  ignore line: [Run Build Command(s):/bin/gmake cmTC_db052/fast && /bin/gmake  -f CMakeFiles/cmTC_db052.dir/build.make CMakeFiles/cmTC_db052.dir/build]
  ignore line: [gmake[1]: Entering directory '/home/mikailg/ECE8930/veloc_src/build/CMakeFiles/CMakeTmp']
  ignore line: [Building C object CMakeFiles/cmTC_db052.dir/CMakeCCompilerABI.c.o]
  ignore line: [/bin/cc   -v -o CMakeFiles/cmTC_db052.dir/CMakeCCompilerABI.c.o -c /usr/share/cmake/Modules/CMakeCCompilerABI.c]
  ignore line: [Using built-in specs.]
  ignore line: [COLLECT_GCC=/bin/cc]
  ignore line: [OFFLOAD_TARGET_NAMES=nvptx-none]
  ignore line: [OFFLOAD_TARGET_DEFAULT=1]
  ignore line: [Target: x86_64-redhat-linux]
  ignore line: [Configured with: ../configure --enable-bootstrap --enable-languages=c c++ fortran lto --prefix=/usr --mandir=/usr/share/man --infodir=/usr/share/info --with-bugurl=http://bugzilla.redhat.com/bugzilla --enable-shared --enable-threads=posix --enable-checking=release --enable-multilib --with-system-zlib --enable-__cxa_atexit --disable-libunwind-exceptions --enable-gnu-unique-object --enable-linker-build-id --with-gcc-major-version-only --with-linker-hash-style=gnu --enable-plugin --enable-initfini-array --with-isl --disable-libmpx --enable-offload-targets=nvptx-none --without-cuda-driver --enable-gnu-indirect-function --enable-cet --with-tune=generic --with-arch_32=x86-64 --build=x86_64-redhat-linux]
  ignore line: [Thread model: posix]
  ignore line: [gcc version 8.4.1 20200928 (Red Hat 8.4.1-1) (GCC) ]
  ignore line: [COLLECT_GCC_OPTIONS='-v' '-o' 'CMakeFiles/cmTC_db052.dir/CMakeCCompilerABI.c.o' '-c' '-mtune=generic' '-march=x86-64']
  ignore line: [ /usr/libexec/gcc/x86_64-redhat-linux/8/cc1 -quiet -v /usr/share/cmake/Modules/CMakeCCompilerABI.c -quiet -dumpbase CMakeCCompilerABI.c -mtune=generic -march=x86-64 -auxbase-strip CMakeFiles/cmTC_db052.dir/CMakeCCompilerABI.c.o -version -o /local_scratch/pbs.3967459.pbs02/cc8W7jLB.s]
  ignore line: [GNU C17 (GCC) version 8.4.1 20200928 (Red Hat 8.4.1-1) (x86_64-redhat-linux)]
  ignore line: [	compiled by GNU C version 8.4.1 20200928 (Red Hat 8.4.1-1)  GMP version 6.1.2  MPFR version 3.1.6-p2  MPC version 1.0.2  isl version isl-0.16.1-GMP]
  ignore line: []
  ignore line: [warning: MPC header version 1.0.2 differs from library version 1.1.0.]
  ignore line: [GGC heuristics: --param ggc-min-expand=100 --param ggc-min-heapsize=131072]
  ignore line: [ignoring nonexistent directory "/usr/lib/gcc/x86_64-redhat-linux/8/include-fixed"]
  ignore line: [ignoring nonexistent directory "/usr/lib/gcc/x86_64-redhat-linux/8/../../../../x86_64-redhat-linux/include"]
  ignore line: [#include "..." search starts here:]
  ignore line: [#include <...> search starts here:]
  ignore line: [ /software/spackages/linux-centos8-x86_64/gcc-8.4.1/boost-1.65.0-7khgefmy7b6h33q2bvsa4gwbtyathj37/include]
  ignore line: [ /software/spackages/linux-centos8-x86_64/gcc-8.4.1/hwloc-1.11.11-lomvaodzuhiy6e4ep77gizazaudfd7lw/include]
  ignore line: [ /software/spackages/linux-centos8-x86_64/gcc-8.4.1/libiconv-1.16-5w3k7reekk6hcreoiw4ctkidltpery7x/include]
  ignore line: [ /software/spackages/linux-centos8-x86_64/gcc-8.4.1/libpciaccess-0.16-vk6vkhypqo2gantbng2hifdkzsfa4vi6/include]
  ignore line: [ /software/spackages/linux-centos8-x86_64/gcc-8.4.1/libxml2-2.9.10-4juad7kpcxw7ko2ubahhi7tnlritl2aq/include]
  ignore line: [ /software/spackages/linux-centos8-x86_64/gcc-8.4.1/numactl-2.0.14-rh7djo5fq4g5kee4wijvqxqinr7stx3r/include]
  ignore line: [ /software/spackages/linux-centos8-x86_64/gcc-8.4.1/openmpi-3.1.6-vgm2v2kplihuze3q5ozerlxzman3scic/include]
  ignore line: [ /software/spackages/linux-centos8-x86_64/gcc-8.4.1/zlib-1.2.11-gvnjtfqd5zskg2eeduzbqlakpdmpzne4/include]
  ignore line: [ /software/spackages/linux-centos8-x86_64/gcc-8.3.1/cuda-10.2.89-bsydnscqeeeoytpr2buzenenj2uex3ux/include]
  ignore line: [ /usr/lib/gcc/x86_64-redhat-linux/8/include]
  ignore line: [ /usr/local/include]
  ignore line: [ /usr/include]
  ignore line: [End of search list.]
  ignore line: [GNU C17 (GCC) version 8.4.1 20200928 (Red Hat 8.4.1-1) (x86_64-redhat-linux)]
  ignore line: [	compiled by GNU C version 8.4.1 20200928 (Red Hat 8.4.1-1)  GMP version 6.1.2  MPFR version 3.1.6-p2  MPC version 1.0.2  isl version isl-0.16.1-GMP]
  ignore line: []
  ignore line: [warning: MPC header version 1.0.2 differs from library version 1.1.0.]
  ignore line: [GGC heuristics: --param ggc-min-expand=100 --param ggc-min-heapsize=131072]
  ignore line: [Compiler executable checksum: ba4472413baf586bad38c66b3c26fe90]
  ignore line: [COLLECT_GCC_OPTIONS='-v' '-o' 'CMakeFiles/cmTC_db052.dir/CMakeCCompilerABI.c.o' '-c' '-mtune=generic' '-march=x86-64']
  ignore line: [ as -v --64 -o CMakeFiles/cmTC_db052.dir/CMakeCCompilerABI.c.o /local_scratch/pbs.3967459.pbs02/cc8W7jLB.s]
  ignore line: [GNU assembler version 2.30 (x86_64-redhat-linux) using BFD version version 2.30-93.el8]
  ignore line: [COMPILER_PATH=/usr/libexec/gcc/x86_64-redhat-linux/8/:/usr/libexec/gcc/x86_64-redhat-linux/8/:/usr/libexec/gcc/x86_64-redhat-linux/:/usr/lib/gcc/x86_64-redhat-linux/8/:/usr/lib/gcc/x86_64-redhat-linux/]
  ignore line: [LIBRARY_PATH=/usr/lib/gcc/x86_64-redhat-linux/8/:/usr/lib/gcc/x86_64-redhat-linux/8/../../../../lib64/:/lib/../lib64/:/usr/lib/../lib64/:/software/spackages/linux-centos8-x86_64/gcc-8.4.1/boost-1.65.0-7khgefmy7b6h33q2bvsa4gwbtyathj37/lib/:/software/spackages/linux-centos8-x86_64/gcc-8.4.1/hwloc-1.11.11-lomvaodzuhiy6e4ep77gizazaudfd7lw/lib/:/software/spackages/linux-centos8-x86_64/gcc-8.4.1/libiconv-1.16-5w3k7reekk6hcreoiw4ctkidltpery7x/lib/:/software/spackages/linux-centos8-x86_64/gcc-8.4.1/libpciaccess-0.16-vk6vkhypqo2gantbng2hifdkzsfa4vi6/lib/:/software/spackages/linux-centos8-x86_64/gcc-8.4.1/libxml2-2.9.10-4juad7kpcxw7ko2ubahhi7tnlritl2aq/lib/:/software/spackages/linux-centos8-x86_64/gcc-8.4.1/numactl-2.0.14-rh7djo5fq4g5kee4wijvqxqinr7stx3r/lib/:/software/spackages/linux-centos8-x86_64/gcc-8.4.1/openmpi-3.1.6-vgm2v2kplihuze3q5ozerlxzman3scic/lib/:/software/spackages/linux-centos8-x86_64/gcc-8.4.1/zlib-1.2.11-gvnjtfqd5zskg2eeduzbqlakpdmpzne4/lib/:/software/spackages/linux-centos8-x86_64/gcc-8.3.1/cuda-10.2.89-bsydnscqeeeoytpr2buzenenj2uex3ux/lib64/:/usr/lib/gcc/x86_64-redhat-linux/8/../../../:/lib/:/usr/lib/]
  ignore line: [COLLECT_GCC_OPTIONS='-v' '-o' 'CMakeFiles/cmTC_db052.dir/CMakeCCompilerABI.c.o' '-c' '-mtune=generic' '-march=x86-64']
  ignore line: [Linking C executable cmTC_db052]
  ignore line: [/usr/bin/cmake -E cmake_link_script CMakeFiles/cmTC_db052.dir/link.txt --verbose=1]
  ignore line: [/bin/cc  -v CMakeFiles/cmTC_db052.dir/CMakeCCompilerABI.c.o -o cmTC_db052 ]
  ignore line: [Using built-in specs.]
  ignore line: [COLLECT_GCC=/bin/cc]
  ignore line: [COLLECT_LTO_WRAPPER=/usr/libexec/gcc/x86_64-redhat-linux/8/lto-wrapper]
  ignore line: [OFFLOAD_TARGET_NAMES=nvptx-none]
  ignore line: [OFFLOAD_TARGET_DEFAULT=1]
  ignore line: [Target: x86_64-redhat-linux]
  ignore line: [Configured with: ../configure --enable-bootstrap --enable-languages=c c++ fortran lto --prefix=/usr --mandir=/usr/share/man --infodir=/usr/share/info --with-bugurl=http://bugzilla.redhat.com/bugzilla --enable-shared --enable-threads=posix --enable-checking=release --enable-multilib --with-system-zlib --enable-__cxa_atexit --disable-libunwind-exceptions --enable-gnu-unique-object --enable-linker-build-id --with-gcc-major-version-only --with-linker-hash-style=gnu --enable-plugin --enable-initfini-array --with-isl --disable-libmpx --enable-offload-targets=nvptx-none --without-cuda-driver --enable-gnu-indirect-function --enable-cet --with-tune=generic --with-arch_32=x86-64 --build=x86_64-redhat-linux]
  ignore line: [Thread model: posix]
  ignore line: [gcc version 8.4.1 20200928 (Red Hat 8.4.1-1) (GCC) ]
  ignore line: [COMPILER_PATH=/usr/libexec/gcc/x86_64-redhat-linux/8/:/usr/libexec/gcc/x86_64-redhat-linux/8/:/usr/libexec/gcc/x86_64-redhat-linux/:/usr/lib/gcc/x86_64-redhat-linux/8/:/usr/lib/gcc/x86_64-redhat-linux/]
  ignore line: [LIBRARY_PATH=/usr/lib/gcc/x86_64-redhat-linux/8/:/usr/lib/gcc/x86_64-redhat-linux/8/../../../../lib64/:/lib/../lib64/:/usr/lib/../lib64/:/software/spackages/linux-centos8-x86_64/gcc-8.4.1/boost-1.65.0-7khgefmy7b6h33q2bvsa4gwbtyathj37/lib/:/software/spackages/linux-centos8-x86_64/gcc-8.4.1/hwloc-1.11.11-lomvaodzuhiy6e4ep77gizazaudfd7lw/lib/:/software/spackages/linux-centos8-x86_64/gcc-8.4.1/libiconv-1.16-5w3k7reekk6hcreoiw4ctkidltpery7x/lib/:/software/spackages/linux-centos8-x86_64/gcc-8.4.1/libpciaccess-0.16-vk6vkhypqo2gantbng2hifdkzsfa4vi6/lib/:/software/spackages/linux-centos8-x86_64/gcc-8.4.1/libxml2-2.9.10-4juad7kpcxw7ko2ubahhi7tnlritl2aq/lib/:/software/spackages/linux-centos8-x86_64/gcc-8.4.1/numactl-2.0.14-rh7djo5fq4g5kee4wijvqxqinr7stx3r/lib/:/software/spackages/linux-centos8-x86_64/gcc-8.4.1/openmpi-3.1.6-vgm2v2kplihuze3q5ozerlxzman3scic/lib/:/software/spackages/linux-centos8-x86_64/gcc-8.4.1/zlib-1.2.11-gvnjtfqd5zskg2eeduzbqlakpdmpzne4/lib/:/software/spackages/linux-centos8-x86_64/gcc-8.3.1/cuda-10.2.89-bsydnscqeeeoytpr2buzenenj2uex3ux/lib64/:/usr/lib/gcc/x86_64-redhat-linux/8/../../../:/lib/:/usr/lib/]
  ignore line: [COLLECT_GCC_OPTIONS='-v' '-o' 'cmTC_db052' '-mtune=generic' '-march=x86-64']
  link line: [ /usr/libexec/gcc/x86_64-redhat-linux/8/collect2 -plugin /usr/libexec/gcc/x86_64-redhat-linux/8/liblto_plugin.so -plugin-opt=/usr/libexec/gcc/x86_64-redhat-linux/8/lto-wrapper -plugin-opt=-fresolution=/local_scratch/pbs.3967459.pbs02/ccYFmcB1.res -plugin-opt=-pass-through=-lgcc -plugin-opt=-pass-through=-lgcc_s -plugin-opt=-pass-through=-lc -plugin-opt=-pass-through=-lgcc -plugin-opt=-pass-through=-lgcc_s --build-id --no-add-needed --eh-frame-hdr --hash-style=gnu -m elf_x86_64 -dynamic-linker /lib64/ld-linux-x86-64.so.2 -o cmTC_db052 /usr/lib/gcc/x86_64-redhat-linux/8/../../../../lib64/crt1.o /usr/lib/gcc/x86_64-redhat-linux/8/../../../../lib64/crti.o /usr/lib/gcc/x86_64-redhat-linux/8/crtbegin.o -L/usr/lib/gcc/x86_64-redhat-linux/8 -L/usr/lib/gcc/x86_64-redhat-linux/8/../../../../lib64 -L/lib/../lib64 -L/usr/lib/../lib64 -L/software/spackages/linux-centos8-x86_64/gcc-8.4.1/boost-1.65.0-7khgefmy7b6h33q2bvsa4gwbtyathj37/lib -L/software/spackages/linux-centos8-x86_64/gcc-8.4.1/hwloc-1.11.11-lomvaodzuhiy6e4ep77gizazaudfd7lw/lib -L/software/spackages/linux-centos8-x86_64/gcc-8.4.1/libiconv-1.16-5w3k7reekk6hcreoiw4ctkidltpery7x/lib -L/software/spackages/linux-centos8-x86_64/gcc-8.4.1/libpciaccess-0.16-vk6vkhypqo2gantbng2hifdkzsfa4vi6/lib -L/software/spackages/linux-centos8-x86_64/gcc-8.4.1/libxml2-2.9.10-4juad7kpcxw7ko2ubahhi7tnlritl2aq/lib -L/software/spackages/linux-centos8-x86_64/gcc-8.4.1/numactl-2.0.14-rh7djo5fq4g5kee4wijvqxqinr7stx3r/lib -L/software/spackages/linux-centos8-x86_64/gcc-8.4.1/openmpi-3.1.6-vgm2v2kplihuze3q5ozerlxzman3scic/lib -L/software/spackages/linux-centos8-x86_64/gcc-8.4.1/zlib-1.2.11-gvnjtfqd5zskg2eeduzbqlakpdmpzne4/lib -L/software/spackages/linux-centos8-x86_64/gcc-8.3.1/cuda-10.2.89-bsydnscqeeeoytpr2buzenenj2uex3ux/lib64 -L/usr/lib/gcc/x86_64-redhat-linux/8/../../.. CMakeFiles/cmTC_db052.dir/CMakeCCompilerABI.c.o -lgcc --as-needed -lgcc_s --no-as-needed -lc -lgcc --as-needed -lgcc_s --no-as-needed /usr/lib/gcc/x86_64-redhat-linux/8/crtend.o /usr/lib/gcc/x86_64-redhat-linux/8/../../../../lib64/crtn.o]
    arg [/usr/libexec/gcc/x86_64-redhat-linux/8/collect2] ==> ignore
    arg [-plugin] ==> ignore
    arg [/usr/libexec/gcc/x86_64-redhat-linux/8/liblto_plugin.so] ==> ignore
    arg [-plugin-opt=/usr/libexec/gcc/x86_64-redhat-linux/8/lto-wrapper] ==> ignore
    arg [-plugin-opt=-fresolution=/local_scratch/pbs.3967459.pbs02/ccYFmcB1.res] ==> ignore
    arg [-plugin-opt=-pass-through=-lgcc] ==> ignore
    arg [-plugin-opt=-pass-through=-lgcc_s] ==> ignore
    arg [-plugin-opt=-pass-through=-lc] ==> ignore
    arg [-plugin-opt=-pass-through=-lgcc] ==> ignore
    arg [-plugin-opt=-pass-through=-lgcc_s] ==> ignore
    arg [--build-id] ==> ignore
    arg [--no-add-needed] ==> ignore
    arg [--eh-frame-hdr] ==> ignore
    arg [--hash-style=gnu] ==> ignore
    arg [-m] ==> ignore
    arg [elf_x86_64] ==> ignore
    arg [-dynamic-linker] ==> ignore
    arg [/lib64/ld-linux-x86-64.so.2] ==> ignore
    arg [-o] ==> ignore
    arg [cmTC_db052] ==> ignore
    arg [/usr/lib/gcc/x86_64-redhat-linux/8/../../../../lib64/crt1.o] ==> ignore
    arg [/usr/lib/gcc/x86_64-redhat-linux/8/../../../../lib64/crti.o] ==> ignore
    arg [/usr/lib/gcc/x86_64-redhat-linux/8/crtbegin.o] ==> ignore
    arg [-L/usr/lib/gcc/x86_64-redhat-linux/8] ==> dir [/usr/lib/gcc/x86_64-redhat-linux/8]
    arg [-L/usr/lib/gcc/x86_64-redhat-linux/8/../../../../lib64] ==> dir [/usr/lib/gcc/x86_64-redhat-linux/8/../../../../lib64]
    arg [-L/lib/../lib64] ==> dir [/lib/../lib64]
    arg [-L/usr/lib/../lib64] ==> dir [/usr/lib/../lib64]
    arg [-L/software/spackages/linux-centos8-x86_64/gcc-8.4.1/boost-1.65.0-7khgefmy7b6h33q2bvsa4gwbtyathj37/lib] ==> dir [/software/spackages/linux-centos8-x86_64/gcc-8.4.1/boost-1.65.0-7khgefmy7b6h33q2bvsa4gwbtyathj37/lib]
    arg [-L/software/spackages/linux-centos8-x86_64/gcc-8.4.1/hwloc-1.11.11-lomvaodzuhiy6e4ep77gizazaudfd7lw/lib] ==> dir [/software/spackages/linux-centos8-x86_64/gcc-8.4.1/hwloc-1.11.11-lomvaodzuhiy6e4ep77gizazaudfd7lw/lib]
    arg [-L/software/spackages/linux-centos8-x86_64/gcc-8.4.1/libiconv-1.16-5w3k7reekk6hcreoiw4ctkidltpery7x/lib] ==> dir [/software/spackages/linux-centos8-x86_64/gcc-8.4.1/libiconv-1.16-5w3k7reekk6hcreoiw4ctkidltpery7x/lib]
    arg [-L/software/spackages/linux-centos8-x86_64/gcc-8.4.1/libpciaccess-0.16-vk6vkhypqo2gantbng2hifdkzsfa4vi6/lib] ==> dir [/software/spackages/linux-centos8-x86_64/gcc-8.4.1/libpciaccess-0.16-vk6vkhypqo2gantbng2hifdkzsfa4vi6/lib]
    arg [-L/software/spackages/linux-centos8-x86_64/gcc-8.4.1/libxml2-2.9.10-4juad7kpcxw7ko2ubahhi7tnlritl2aq/lib] ==> dir [/software/spackages/linux-centos8-x86_64/gcc-8.4.1/libxml2-2.9.10-4juad7kpcxw7ko2ubahhi7tnlritl2aq/lib]
    arg [-L/software/spackages/linux-centos8-x86_64/gcc-8.4.1/numactl-2.0.14-rh7djo5fq4g5kee4wijvqxqinr7stx3r/lib] ==> dir [/software/spackages/linux-centos8-x86_64/gcc-8.4.1/numactl-2.0.14-rh7djo5fq4g5kee4wijvqxqinr7stx3r/lib]
    arg [-L/software/spackages/linux-centos8-x86_64/gcc-8.4.1/openmpi-3.1.6-vgm2v2kplihuze3q5ozerlxzman3scic/lib] ==> dir [/software/spackages/linux-centos8-x86_64/gcc-8.4.1/openmpi-3.1.6-vgm2v2kplihuze3q5ozerlxzman3scic/lib]
    arg [-L/software/spackages/linux-centos8-x86_64/gcc-8.4.1/zlib-1.2.11-gvnjtfqd5zskg2eeduzbqlakpdmpzne4/lib] ==> dir [/software/spackages/linux-centos8-x86_64/gcc-8.4.1/zlib-1.2.11-gvnjtfqd5zskg2eeduzbqlakpdmpzne4/lib]
    arg [-L/software/spackages/linux-centos8-x86_64/gcc-8.3.1/cuda-10.2.89-bsydnscqeeeoytpr2buzenenj2uex3ux/lib64] ==> dir [/software/spackages/linux-centos8-x86_64/gcc-8.3.1/cuda-10.2.89-bsydnscqeeeoytpr2buzenenj2uex3ux/lib64]
    arg [-L/usr/lib/gcc/x86_64-redhat-linux/8/../../..] ==> dir [/usr/lib/gcc/x86_64-redhat-linux/8/../../..]
    arg [CMakeFiles/cmTC_db052.dir/CMakeCCompilerABI.c.o] ==> ignore
    arg [-lgcc] ==> lib [gcc]
    arg [--as-needed] ==> ignore
    arg [-lgcc_s] ==> lib [gcc_s]
    arg [--no-as-needed] ==> ignore
    arg [-lc] ==> lib [c]
    arg [-lgcc] ==> lib [gcc]
    arg [--as-needed] ==> ignore
    arg [-lgcc_s] ==> lib [gcc_s]
    arg [--no-as-needed] ==> ignore
    arg [/usr/lib/gcc/x86_64-redhat-linux/8/crtend.o] ==> ignore
    arg [/usr/lib/gcc/x86_64-redhat-linux/8/../../../../lib64/crtn.o] ==> ignore
  collapse library dir [/usr/lib/gcc/x86_64-redhat-linux/8] ==> [/usr/lib/gcc/x86_64-redhat-linux/8]
  collapse library dir [/usr/lib/gcc/x86_64-redhat-linux/8/../../../../lib64] ==> [/usr/lib64]
  collapse library dir [/lib/../lib64] ==> [/lib64]
  collapse library dir [/usr/lib/../lib64] ==> [/usr/lib64]
  collapse library dir [/software/spackages/linux-centos8-x86_64/gcc-8.4.1/boost-1.65.0-7khgefmy7b6h33q2bvsa4gwbtyathj37/lib] ==> [/software/spackages/linux-centos8-x86_64/gcc-8.4.1/boost-1.65.0-7khgefmy7b6h33q2bvsa4gwbtyathj37/lib]
  collapse library dir [/software/spackages/linux-centos8-x86_64/gcc-8.4.1/hwloc-1.11.11-lomvaodzuhiy6e4ep77gizazaudfd7lw/lib] ==> [/software/spackages/linux-centos8-x86_64/gcc-8.4.1/hwloc-1.11.11-lomvaodzuhiy6e4ep77gizazaudfd7lw/lib]
  collapse library dir [/software/spackages/linux-centos8-x86_64/gcc-8.4.1/libiconv-1.16-5w3k7reekk6hcreoiw4ctkidltpery7x/lib] ==> [/software/spackages/linux-centos8-x86_64/gcc-8.4.1/libiconv-1.16-5w3k7reekk6hcreoiw4ctkidltpery7x/lib]
  collapse library dir [/software/spackages/linux-centos8-x86_64/gcc-8.4.1/libpciaccess-0.16-vk6vkhypqo2gantbng2hifdkzsfa4vi6/lib] ==> [/software/spackages/linux-centos8-x86_64/gcc-8.4.1/libpciaccess-0.16-vk6vkhypqo2gantbng2hifdkzsfa4vi6/lib]
  collapse library dir [/software/spackages/linux-centos8-x86_64/gcc-8.4.1/libxml2-2.9.10-4juad7kpcxw7ko2ubahhi7tnlritl2aq/lib] ==> [/software/spackages/linux-centos8-x86_64/gcc-8.4.1/libxml2-2.9.10-4juad7kpcxw7ko2ubahhi7tnlritl2aq/lib]
  collapse library dir [/software/spackages/linux-centos8-x86_64/gcc-8.4.1/numactl-2.0.14-rh7djo5fq4g5kee4wijvqxqinr7stx3r/lib] ==> [/software/spackages/linux-centos8-x86_64/gcc-8.4.1/numactl-2.0.14-rh7djo5fq4g5kee4wijvqxqinr7stx3r/lib]
  collapse library dir [/software/spackages/linux-centos8-x86_64/gcc-8.4.1/openmpi-3.1.6-vgm2v2kplihuze3q5ozerlxzman3scic/lib] ==> [/software/spackages/linux-centos8-x86_64/gcc-8.4.1/openmpi-3.1.6-vgm2v2kplihuze3q5ozerlxzman3scic/lib]
  collapse library dir [/software/spackages/linux-centos8-x86_64/gcc-8.4.1/zlib-1.2.11-gvnjtfqd5zskg2eeduzbqlakpdmpzne4/lib] ==> [/software/spackages/linux-centos8-x86_64/gcc-8.4.1/zlib-1.2.11-gvnjtfqd5zskg2eeduzbqlakpdmpzne4/lib]
  collapse library dir [/software/spackages/linux-centos8-x86_64/gcc-8.3.1/cuda-10.2.89-bsydnscqeeeoytpr2buzenenj2uex3ux/lib64] ==> [/software/spackages/linux-centos8-x86_64/gcc-8.3.1/cuda-10.2.89-bsydnscqeeeoytpr2buzenenj2uex3ux/lib64]
  collapse library dir [/usr/lib/gcc/x86_64-redhat-linux/8/../../..] ==> [/usr/lib]
  implicit libs: [gcc;gcc_s;c;gcc;gcc_s]
  implicit dirs: [/usr/lib/gcc/x86_64-redhat-linux/8;/usr/lib64;/lib64;/software/spackages/linux-centos8-x86_64/gcc-8.4.1/boost-1.65.0-7khgefmy7b6h33q2bvsa4gwbtyathj37/lib;/software/spackages/linux-centos8-x86_64/gcc-8.4.1/hwloc-1.11.11-lomvaodzuhiy6e4ep77gizazaudfd7lw/lib;/software/spackages/linux-centos8-x86_64/gcc-8.4.1/libiconv-1.16-5w3k7reekk6hcreoiw4ctkidltpery7x/lib;/software/spackages/linux-centos8-x86_64/gcc-8.4.1/libpciaccess-0.16-vk6vkhypqo2gantbng2hifdkzsfa4vi6/lib;/software/spackages/linux-centos8-x86_64/gcc-8.4.1/libxml2-2.9.10-4juad7kpcxw7ko2ubahhi7tnlritl2aq/lib;/software/spackages/linux-centos8-x86_64/gcc-8.4.1/numactl-2.0.14-rh7djo5fq4g5kee4wijvqxqinr7stx3r/lib;/software/spackages/linux-centos8-x86_64/gcc-8.4.1/openmpi-3.1.6-vgm2v2kplihuze3q5ozerlxzman3scic/lib;/software/spackages/linux-centos8-x86_64/gcc-8.4.1/zlib-1.2.11-gvnjtfqd5zskg2eeduzbqlakpdmpzne4/lib;/software/spackages/linux-centos8-x86_64/gcc-8.3.1/cuda-10.2.89-bsydnscqeeeoytpr2buzenenj2uex3ux/lib64;/usr/lib]
  implicit fwks: []


Detecting CXX compiler ABI info compiled with the following output:
Change Dir: /home/mikailg/ECE8930/veloc_src/build/CMakeFiles/CMakeTmp

Run Build Command(s):/bin/gmake cmTC_4d376/fast && /bin/gmake  -f CMakeFiles/cmTC_4d376.dir/build.make CMakeFiles/cmTC_4d376.dir/build
gmake[1]: Entering directory '/home/mikailg/ECE8930/veloc_src/build/CMakeFiles/CMakeTmp'
Building CXX object CMakeFiles/cmTC_4d376.dir/CMakeCXXCompilerABI.cpp.o
/bin/c++   -v -o CMakeFiles/cmTC_4d376.dir/CMakeCXXCompilerABI.cpp.o -c /usr/share/cmake/Modules/CMakeCXXCompilerABI.cpp
Using built-in specs.
COLLECT_GCC=/bin/c++
OFFLOAD_TARGET_NAMES=nvptx-none
OFFLOAD_TARGET_DEFAULT=1
Target: x86_64-redhat-linux
Configured with: ../configure --enable-bootstrap --enable-languages=c,c++,fortran,lto --prefix=/usr --mandir=/usr/share/man --infodir=/usr/share/info --with-bugurl=http://bugzilla.redhat.com/bugzilla --enable-shared --enable-threads=posix --enable-checking=release --enable-multilib --with-system-zlib --enable-__cxa_atexit --disable-libunwind-exceptions --enable-gnu-unique-object --enable-linker-build-id --with-gcc-major-version-only --with-linker-hash-style=gnu --enable-plugin --enable-initfini-array --with-isl --disable-libmpx --enable-offload-targets=nvptx-none --without-cuda-driver --enable-gnu-indirect-function --enable-cet --with-tune=generic --with-arch_32=x86-64 --build=x86_64-redhat-linux
Thread model: posix
gcc version 8.4.1 20200928 (Red Hat 8.4.1-1) (GCC) 
COLLECT_GCC_OPTIONS='-v' '-o' 'CMakeFiles/cmTC_4d376.dir/CMakeCXXCompilerABI.cpp.o' '-c' '-shared-libgcc' '-mtune=generic' '-march=x86-64'
 /usr/libexec/gcc/x86_64-redhat-linux/8/cc1plus -quiet -v -D_GNU_SOURCE /usr/share/cmake/Modules/CMakeCXXCompilerABI.cpp -quiet -dumpbase CMakeCXXCompilerABI.cpp -mtune=generic -march=x86-64 -auxbase-strip CMakeFiles/cmTC_4d376.dir/CMakeCXXCompilerABI.cpp.o -version -o /local_scratch/pbs.3967459.pbs02/ccmzXhQp.s
GNU C++14 (GCC) version 8.4.1 20200928 (Red Hat 8.4.1-1) (x86_64-redhat-linux)
	compiled by GNU C version 8.4.1 20200928 (Red Hat 8.4.1-1), GMP version 6.1.2, MPFR version 3.1.6-p2, MPC version 1.0.2, isl version isl-0.16.1-GMP

warning: MPC header version 1.0.2 differs from library version 1.1.0.
GGC heuristics: --param ggc-min-expand=100 --param ggc-min-heapsize=131072
ignoring nonexistent directory "/usr/lib/gcc/x86_64-redhat-linux/8/include-fixed"
ignoring nonexistent directory "/usr/lib/gcc/x86_64-redhat-linux/8/../../../../x86_64-redhat-linux/include"
#include "..." search starts here:
#include <...> search starts here:
 /software/spackages/linux-centos8-x86_64/gcc-8.4.1/boost-1.65.0-7khgefmy7b6h33q2bvsa4gwbtyathj37/include
 /software/spackages/linux-centos8-x86_64/gcc-8.4.1/hwloc-1.11.11-lomvaodzuhiy6e4ep77gizazaudfd7lw/include
 /software/spackages/linux-centos8-x86_64/gcc-8.4.1/libiconv-1.16-5w3k7reekk6hcreoiw4ctkidltpery7x/include
 /software/spackages/linux-centos8-x86_64/gcc-8.4.1/libpciaccess-0.16-vk6vkhypqo2gantbng2hifdkzsfa4vi6/include
 /software/spackages/linux-centos8-x86_64/gcc-8.4.1/libxml2-2.9.10-4juad7kpcxw7ko2ubahhi7tnlritl2aq/include
 /software/spackages/linux-centos8-x86_64/gcc-8.4.1/numactl-2.0.14-rh7djo5fq4g5kee4wijvqxqinr7stx3r/include
 /software/spackages/linux-centos8-x86_64/gcc-8.4.1/openmpi-3.1.6-vgm2v2kplihuze3q5ozerlxzman3scic/include
 /software/spackages/linux-centos8-x86_64/gcc-8.4.1/zlib-1.2.11-gvnjtfqd5zskg2eeduzbqlakpdmpzne4/include
 /software/spackages/linux-centos8-x86_64/gcc-8.3.1/cuda-10.2.89-bsydnscqeeeoytpr2buzenenj2uex3ux/include
 /usr/lib/gcc/x86_64-redhat-linux/8/../../../../include/c++/8
 /usr/lib/gcc/x86_64-redhat-linux/8/../../../../include/c++/8/x86_64-redhat-linux
 /usr/lib/gcc/x86_64-redhat-linux/8/../../../../include/c++/8/backward
 /usr/lib/gcc/x86_64-redhat-linux/8/include
 /usr/local/include
 /usr/include
End of search list.
GNU C++14 (GCC) version 8.4.1 20200928 (Red Hat 8.4.1-1) (x86_64-redhat-linux)
	compiled by GNU C version 8.4.1 20200928 (Red Hat 8.4.1-1), GMP version 6.1.2, MPFR version 3.1.6-p2, MPC version 1.0.2, isl version isl-0.16.1-GMP

warning: MPC header version 1.0.2 differs from library version 1.1.0.
GGC heuristics: --param ggc-min-expand=100 --param ggc-min-heapsize=131072
Compiler executable checksum: 38c2e671f40afe50da0df14ae856e910
COLLECT_GCC_OPTIONS='-v' '-o' 'CMakeFiles/cmTC_4d376.dir/CMakeCXXCompilerABI.cpp.o' '-c' '-shared-libgcc' '-mtune=generic' '-march=x86-64'
 as -v --64 -o CMakeFiles/cmTC_4d376.dir/CMakeCXXCompilerABI.cpp.o /local_scratch/pbs.3967459.pbs02/ccmzXhQp.s
GNU assembler version 2.30 (x86_64-redhat-linux) using BFD version version 2.30-93.el8
COMPILER_PATH=/usr/libexec/gcc/x86_64-redhat-linux/8/:/usr/libexec/gcc/x86_64-redhat-linux/8/:/usr/libexec/gcc/x86_64-redhat-linux/:/usr/lib/gcc/x86_64-redhat-linux/8/:/usr/lib/gcc/x86_64-redhat-linux/
LIBRARY_PATH=/usr/lib/gcc/x86_64-redhat-linux/8/:/usr/lib/gcc/x86_64-redhat-linux/8/../../../../lib64/:/lib/../lib64/:/usr/lib/../lib64/:/software/spackages/linux-centos8-x86_64/gcc-8.4.1/boost-1.65.0-7khgefmy7b6h33q2bvsa4gwbtyathj37/lib/:/software/spackages/linux-centos8-x86_64/gcc-8.4.1/hwloc-1.11.11-lomvaodzuhiy6e4ep77gizazaudfd7lw/lib/:/software/spackages/linux-centos8-x86_64/gcc-8.4.1/libiconv-1.16-5w3k7reekk6hcreoiw4ctkidltpery7x/lib/:/software/spackages/linux-centos8-x86_64/gcc-8.4.1/libpciaccess-0.16-vk6vkhypqo2gantbng2hifdkzsfa4vi6/lib/:/software/spackages/linux-centos8-x86_64/gcc-8.4.1/libxml2-2.9.10-4juad7kpcxw7ko2ubahhi7tnlritl2aq/lib/:/software/spackages/linux-centos8-x86_64/gcc-8.4.1/numactl-2.0.14-rh7djo5fq4g5kee4wijvqxqinr7stx3r/lib/:/software/spackages/linux-centos8-x86_64/gcc-8.4.1/openmpi-3.1.6-vgm2v2kplihuze3q5ozerlxzman3scic/lib/:/software/spackages/linux-centos8-x86_64/gcc-8.4.1/zlib-1.2.11-gvnjtfqd5zskg2eeduzbqlakpdmpzne4/lib/:/software/spackages/linux-centos8-x86_64/gcc-8.3.1/cuda-10.2.89-bsydnscqeeeoytpr2buzenenj2uex3ux/lib64/:/usr/lib/gcc/x86_64-redhat-linux/8/../../../:/lib/:/usr/lib/
COLLECT_GCC_OPTIONS='-v' '-o' 'CMakeFiles/cmTC_4d376.dir/CMakeCXXCompilerABI.cpp.o' '-c' '-shared-libgcc' '-mtune=generic' '-march=x86-64'
Linking CXX executable cmTC_4d376
/usr/bin/cmake -E cmake_link_script CMakeFiles/cmTC_4d376.dir/link.txt --verbose=1
/bin/c++  -v CMakeFiles/cmTC_4d376.dir/CMakeCXXCompilerABI.cpp.o -o cmTC_4d376 
Using built-in specs.
COLLECT_GCC=/bin/c++
COLLECT_LTO_WRAPPER=/usr/libexec/gcc/x86_64-redhat-linux/8/lto-wrapper
OFFLOAD_TARGET_NAMES=nvptx-none
OFFLOAD_TARGET_DEFAULT=1
Target: x86_64-redhat-linux
Configured with: ../configure --enable-bootstrap --enable-languages=c,c++,fortran,lto --prefix=/usr --mandir=/usr/share/man --infodir=/usr/share/info --with-bugurl=http://bugzilla.redhat.com/bugzilla --enable-shared --enable-threads=posix --enable-checking=release --enable-multilib --with-system-zlib --enable-__cxa_atexit --disable-libunwind-exceptions --enable-gnu-unique-object --enable-linker-build-id --with-gcc-major-version-only --with-linker-hash-style=gnu --enable-plugin --enable-initfini-array --with-isl --disable-libmpx --enable-offload-targets=nvptx-none --without-cuda-driver --enable-gnu-indirect-function --enable-cet --with-tune=generic --with-arch_32=x86-64 --build=x86_64-redhat-linux
Thread model: posix
gcc version 8.4.1 20200928 (Red Hat 8.4.1-1) (GCC) 
COMPILER_PATH=/usr/libexec/gcc/x86_64-redhat-linux/8/:/usr/libexec/gcc/x86_64-redhat-linux/8/:/usr/libexec/gcc/x86_64-redhat-linux/:/usr/lib/gcc/x86_64-redhat-linux/8/:/usr/lib/gcc/x86_64-redhat-linux/
LIBRARY_PATH=/usr/lib/gcc/x86_64-redhat-linux/8/:/usr/lib/gcc/x86_64-redhat-linux/8/../../../../lib64/:/lib/../lib64/:/usr/lib/../lib64/:/software/spackages/linux-centos8-x86_64/gcc-8.4.1/boost-1.65.0-7khgefmy7b6h33q2bvsa4gwbtyathj37/lib/:/software/spackages/linux-centos8-x86_64/gcc-8.4.1/hwloc-1.11.11-lomvaodzuhiy6e4ep77gizazaudfd7lw/lib/:/software/spackages/linux-centos8-x86_64/gcc-8.4.1/libiconv-1.16-5w3k7reekk6hcreoiw4ctkidltpery7x/lib/:/software/spackages/linux-centos8-x86_64/gcc-8.4.1/libpciaccess-0.16-vk6vkhypqo2gantbng2hifdkzsfa4vi6/lib/:/software/spackages/linux-centos8-x86_64/gcc-8.4.1/libxml2-2.9.10-4juad7kpcxw7ko2ubahhi7tnlritl2aq/lib/:/software/spackages/linux-centos8-x86_64/gcc-8.4.1/numactl-2.0.14-rh7djo5fq4g5kee4wijvqxqinr7stx3r/lib/:/software/spackages/linux-centos8-x86_64/gcc-8.4.1/openmpi-3.1.6-vgm2v2kplihuze3q5ozerlxzman3scic/lib/:/software/spackages/linux-centos8-x86_64/gcc-8.4.1/zlib-1.2.11-gvnjtfqd5zskg2eeduzbqlakpdmpzne4/lib/:/software/spackages/linux-centos8-x86_64/gcc-8.3.1/cuda-10.2.89-bsydnscqeeeoytpr2buzenenj2uex3ux/lib64/:/usr/lib/gcc/x86_64-redhat-linux/8/../../../:/lib/:/usr/lib/
COLLECT_GCC_OPTIONS='-v' '-o' 'cmTC_4d376' '-shared-libgcc' '-mtune=generic' '-march=x86-64'
 /usr/libexec/gcc/x86_64-redhat-linux/8/collect2 -plugin /usr/libexec/gcc/x86_64-redhat-linux/8/liblto_plugin.so -plugin-opt=/usr/libexec/gcc/x86_64-redhat-linux/8/lto-wrapper -plugin-opt=-fresolution=/local_scratch/pbs.3967459.pbs02/ccxSnZE9.res -plugin-opt=-pass-through=-lgcc_s -plugin-opt=-pass-through=-lgcc -plugin-opt=-pass-through=-lc -plugin-opt=-pass-through=-lgcc_s -plugin-opt=-pass-through=-lgcc --build-id --no-add-needed --eh-frame-hdr --hash-style=gnu -m elf_x86_64 -dynamic-linker /lib64/ld-linux-x86-64.so.2 -o cmTC_4d376 /usr/lib/gcc/x86_64-redhat-linux/8/../../../../lib64/crt1.o /usr/lib/gcc/x86_64-redhat-linux/8/../../../../lib64/crti.o /usr/lib/gcc/x86_64-redhat-linux/8/crtbegin.o -L/usr/lib/gcc/x86_64-redhat-linux/8 -L/usr/lib/gcc/x86_64-redhat-linux/8/../../../../lib64 -L/lib/../lib64 -L/usr/lib/../lib64 -L/software/spackages/linux-centos8-x86_64/gcc-8.4.1/boost-1.65.0-7khgefmy7b6h33q2bvsa4gwbtyathj37/lib -L/software/spackages/linux-centos8-x86_64/gcc-8.4.1/hwloc-1.11.11-lomvaodzuhiy6e4ep77gizazaudfd7lw/lib -L/software/spackages/linux-centos8-x86_64/gcc-8.4.1/libiconv-1.16-5w3k7reekk6hcreoiw4ctkidltpery7x/lib -L/software/spackages/linux-centos8-x86_64/gcc-8.4.1/libpciaccess-0.16-vk6vkhypqo2gantbng2hifdkzsfa4vi6/lib -L/software/spackages/linux-centos8-x86_64/gcc-8.4.1/libxml2-2.9.10-4juad7kpcxw7ko2ubahhi7tnlritl2aq/lib -L/software/spackages/linux-centos8-x86_64/gcc-8.4.1/numactl-2.0.14-rh7djo5fq4g5kee4wijvqxqinr7stx3r/lib -L/software/spackages/linux-centos8-x86_64/gcc-8.4.1/openmpi-3.1.6-vgm2v2kplihuze3q5ozerlxzman3scic/lib -L/software/spackages/linux-centos8-x86_64/gcc-8.4.1/zlib-1.2.11-gvnjtfqd5zskg2eeduzbqlakpdmpzne4/lib -L/software/spackages/linux-centos8-x86_64/gcc-8.3.1/cuda-10.2.89-bsydnscqeeeoytpr2buzenenj2uex3ux/lib64 -L/usr/lib/gcc/x86_64-redhat-linux/8/../../.. CMakeFiles/cmTC_4d376.dir/CMakeCXXCompilerABI.cpp.o -lstdc++ -lm -lgcc_s -lgcc -lc -lgcc_s -lgcc /usr/lib/gcc/x86_64-redhat-linux/8/crtend.o /usr/lib/gcc/x86_64-redhat-linux/8/../../../../lib64/crtn.o
COLLECT_GCC_OPTIONS='-v' '-o' 'cmTC_4d376' '-shared-libgcc' '-mtune=generic' '-march=x86-64'
gmake[1]: Leaving directory '/home/mikailg/ECE8930/veloc_src/build/CMakeFiles/CMakeTmp'



Parsed CXX implicit include dir info from above output: rv=done
  found start of include info
  found start of implicit include info
    add: [/software/spackages/linux-centos8-x86_64/gcc-8.4.1/boost-1.65.0-7khgefmy7b6h33q2bvsa4gwbtyathj37/include]
    add: [/software/spackages/linux-centos8-x86_64/gcc-8.4.1/hwloc-1.11.11-lomvaodzuhiy6e4ep77gizazaudfd7lw/include]
    add: [/software/spackages/linux-centos8-x86_64/gcc-8.4.1/libiconv-1.16-5w3k7reekk6hcreoiw4ctkidltpery7x/include]
    add: [/software/spackages/linux-centos8-x86_64/gcc-8.4.1/libpciaccess-0.16-vk6vkhypqo2gantbng2hifdkzsfa4vi6/include]
    add: [/software/spackages/linux-centos8-x86_64/gcc-8.4.1/libxml2-2.9.10-4juad7kpcxw7ko2ubahhi7tnlritl2aq/include]
    add: [/software/spackages/linux-centos8-x86_64/gcc-8.4.1/numactl-2.0.14-rh7djo5fq4g5kee4wijvqxqinr7stx3r/include]
    add: [/software/spackages/linux-centos8-x86_64/gcc-8.4.1/openmpi-3.1.6-vgm2v2kplihuze3q5ozerlxzman3scic/include]
    add: [/software/spackages/linux-centos8-x86_64/gcc-8.4.1/zlib-1.2.11-gvnjtfqd5zskg2eeduzbqlakpdmpzne4/include]
    add: [/software/spackages/linux-centos8-x86_64/gcc-8.3.1/cuda-10.2.89-bsydnscqeeeoytpr2buzenenj2uex3ux/include]
    add: [/usr/lib/gcc/x86_64-redhat-linux/8/../../../../include/c++/8]
    add: [/usr/lib/gcc/x86_64-redhat-linux/8/../../../../include/c++/8/x86_64-redhat-linux]
    add: [/usr/lib/gcc/x86_64-redhat-linux/8/../../../../include/c++/8/backward]
    add: [/usr/lib/gcc/x86_64-redhat-linux/8/include]
    add: [/usr/local/include]
    add: [/usr/include]
  end of search list found
  collapse include dir [/software/spackages/linux-centos8-x86_64/gcc-8.4.1/boost-1.65.0-7khgefmy7b6h33q2bvsa4gwbtyathj37/include] ==> [/software/spackages/linux-centos8-x86_64/gcc-8.4.1/boost-1.65.0-7khgefmy7b6h33q2bvsa4gwbtyathj37/include]
  collapse include dir [/software/spackages/linux-centos8-x86_64/gcc-8.4.1/hwloc-1.11.11-lomvaodzuhiy6e4ep77gizazaudfd7lw/include] ==> [/software/spackages/linux-centos8-x86_64/gcc-8.4.1/hwloc-1.11.11-lomvaodzuhiy6e4ep77gizazaudfd7lw/include]
  collapse include dir [/software/spackages/linux-centos8-x86_64/gcc-8.4.1/libiconv-1.16-5w3k7reekk6hcreoiw4ctkidltpery7x/include] ==> [/software/spackages/linux-centos8-x86_64/gcc-8.4.1/libiconv-1.16-5w3k7reekk6hcreoiw4ctkidltpery7x/include]
  collapse include dir [/software/spackages/linux-centos8-x86_64/gcc-8.4.1/libpciaccess-0.16-vk6vkhypqo2gantbng2hifdkzsfa4vi6/include] ==> [/software/spackages/linux-centos8-x86_64/gcc-8.4.1/libpciaccess-0.16-vk6vkhypqo2gantbng2hifdkzsfa4vi6/include]
  collapse include dir [/software/spackages/linux-centos8-x86_64/gcc-8.4.1/libxml2-2.9.10-4juad7kpcxw7ko2ubahhi7tnlritl2aq/include] ==> [/software/spackages/linux-centos8-x86_64/gcc-8.4.1/libxml2-2.9.10-4juad7kpcxw7ko2ubahhi7tnlritl2aq/include]
  collapse include dir [/software/spackages/linux-centos8-x86_64/gcc-8.4.1/numactl-2.0.14-rh7djo5fq4g5kee4wijvqxqinr7stx3r/include] ==> [/software/spackages/linux-centos8-x86_64/gcc-8.4.1/numactl-2.0.14-rh7djo5fq4g5kee4wijvqxqinr7stx3r/include]
  collapse include dir [/software/spackages/linux-centos8-x86_64/gcc-8.4.1/openmpi-3.1.6-vgm2v2kplihuze3q5ozerlxzman3scic/include] ==> [/software/spackages/linux-centos8-x86_64/gcc-8.4.1/openmpi-3.1.6-vgm2v2kplihuze3q5ozerlxzman3scic/include]
  collapse include dir [/software/spackages/linux-centos8-x86_64/gcc-8.4.1/zlib-1.2.11-gvnjtfqd5zskg2eeduzbqlakpdmpzne4/include] ==> [/software/spackages/linux-centos8-x86_64/gcc-8.4.1/zlib-1.2.11-gvnjtfqd5zskg2eeduzbqlakpdmpzne4/include]
  collapse include dir [/software/spackages/linux-centos8-x86_64/gcc-8.3.1/cuda-10.2.89-bsydnscqeeeoytpr2buzenenj2uex3ux/include] ==> [/software/spackages/linux-centos8-x86_64/gcc-8.3.1/cuda-10.2.89-bsydnscqeeeoytpr2buzenenj2uex3ux/include]
  collapse include dir [/usr/lib/gcc/x86_64-redhat-linux/8/../../../../include/c++/8] ==> [/usr/include/c++/8]
  collapse include dir [/usr/lib/gcc/x86_64-redhat-linux/8/../../../../include/c++/8/x86_64-redhat-linux] ==> [/usr/include/c++/8/x86_64-redhat-linux]
  collapse include dir [/usr/lib/gcc/x86_64-redhat-linux/8/../../../../include/c++/8/backward] ==> [/usr/include/c++/8/backward]
  collapse include dir [/usr/lib/gcc/x86_64-redhat-linux/8/include] ==> [/usr/lib/gcc/x86_64-redhat-linux/8/include]
  collapse include dir [/usr/local/include] ==> [/usr/local/include]
  collapse include dir [/usr/include] ==> [/usr/include]
  implicit include dirs: [/software/spackages/linux-centos8-x86_64/gcc-8.4.1/boost-1.65.0-7khgefmy7b6h33q2bvsa4gwbtyathj37/include;/software/spackages/linux-centos8-x86_64/gcc-8.4.1/hwloc-1.11.11-lomvaodzuhiy6e4ep77gizazaudfd7lw/include;/software/spackages/linux-centos8-x86_64/gcc-8.4.1/libiconv-1.16-5w3k7reekk6hcreoiw4ctkidltpery7x/include;/software/spackages/linux-centos8-x86_64/gcc-8.4.1/libpciaccess-0.16-vk6vkhypqo2gantbng2hifdkzsfa4vi6/include;/software/spackages/linux-centos8-x86_64/gcc-8.4.1/libxml2-2.9.10-4juad7kpcxw7ko2ubahhi7tnlritl2aq/include;/software/spackages/linux-centos8-x86_64/gcc-8.4.1/numactl-2.0.14-rh7djo5fq4g5kee4wijvqxqinr7stx3r/include;/software/spackages/linux-centos8-x86_64/gcc-8.4.1/openmpi-3.1.6-vgm2v2kplihuze3q5ozerlxzman3scic/include;/software/spackages/linux-centos8-x86_64/gcc-8.4.1/zlib-1.2.11-gvnjtfqd5zskg2eeduzbqlakpdmpzne4/include;/software/spackages/linux-centos8-x86_64/gcc-8.3.1/cuda-10.2.89-bsydnscqeeeoytpr2buzenenj2uex3ux/include;/usr/include/c++/8;/usr/include/c++/8/x86_64-redhat-linux;/usr/include/c++/8/backward;/usr/lib/gcc/x86_64-redhat-linux/8/include;/usr/local/include;/usr/include]


Parsed CXX implicit link information from above output:
  link line regex: [^( *|.*[/\])(ld|CMAKE_LINK_STARTFILE-NOTFOUND|([^/\]+-)?ld|collect2)[^/\]*( |$)]
  ignore line: [Change Dir: /home/mikailg/ECE8930/veloc_src/build/CMakeFiles/CMakeTmp]
  ignore line: []
  ignore line: [Run Build Command(s):/bin/gmake cmTC_4d376/fast && /bin/gmake  -f CMakeFiles/cmTC_4d376.dir/build.make CMakeFiles/cmTC_4d376.dir/build]
  ignore line: [gmake[1]: Entering directory '/home/mikailg/ECE8930/veloc_src/build/CMakeFiles/CMakeTmp']
  ignore line: [Building CXX object CMakeFiles/cmTC_4d376.dir/CMakeCXXCompilerABI.cpp.o]
  ignore line: [/bin/c++   -v -o CMakeFiles/cmTC_4d376.dir/CMakeCXXCompilerABI.cpp.o -c /usr/share/cmake/Modules/CMakeCXXCompilerABI.cpp]
  ignore line: [Using built-in specs.]
  ignore line: [COLLECT_GCC=/bin/c++]
  ignore line: [OFFLOAD_TARGET_NAMES=nvptx-none]
  ignore line: [OFFLOAD_TARGET_DEFAULT=1]
  ignore line: [Target: x86_64-redhat-linux]
  ignore line: [Configured with: ../configure --enable-bootstrap --enable-languages=c c++ fortran lto --prefix=/usr --mandir=/usr/share/man --infodir=/usr/share/info --with-bugurl=http://bugzilla.redhat.com/bugzilla --enable-shared --enable-threads=posix --enable-checking=release --enable-multilib --with-system-zlib --enable-__cxa_atexit --disable-libunwind-exceptions --enable-gnu-unique-object --enable-linker-build-id --with-gcc-major-version-only --with-linker-hash-style=gnu --enable-plugin --enable-initfini-array --with-isl --disable-libmpx --enable-offload-targets=nvptx-none --without-cuda-driver --enable-gnu-indirect-function --enable-cet --with-tune=generic --with-arch_32=x86-64 --build=x86_64-redhat-linux]
  ignore line: [Thread model: posix]
  ignore line: [gcc version 8.4.1 20200928 (Red Hat 8.4.1-1) (GCC) ]
  ignore line: [COLLECT_GCC_OPTIONS='-v' '-o' 'CMakeFiles/cmTC_4d376.dir/CMakeCXXCompilerABI.cpp.o' '-c' '-shared-libgcc' '-mtune=generic' '-march=x86-64']
  ignore line: [ /usr/libexec/gcc/x86_64-redhat-linux/8/cc1plus -quiet -v -D_GNU_SOURCE /usr/share/cmake/Modules/CMakeCXXCompilerABI.cpp -quiet -dumpbase CMakeCXXCompilerABI.cpp -mtune=generic -march=x86-64 -auxbase-strip CMakeFiles/cmTC_4d376.dir/CMakeCXXCompilerABI.cpp.o -version -o /local_scratch/pbs.3967459.pbs02/ccmzXhQp.s]
  ignore line: [GNU C++14 (GCC) version 8.4.1 20200928 (Red Hat 8.4.1-1) (x86_64-redhat-linux)]
  ignore line: [	compiled by GNU C version 8.4.1 20200928 (Red Hat 8.4.1-1)  GMP version 6.1.2  MPFR version 3.1.6-p2  MPC version 1.0.2  isl version isl-0.16.1-GMP]
  ignore line: []
  ignore line: [warning: MPC header version 1.0.2 differs from library version 1.1.0.]
  ignore line: [GGC heuristics: --param ggc-min-expand=100 --param ggc-min-heapsize=131072]
  ignore line: [ignoring nonexistent directory "/usr/lib/gcc/x86_64-redhat-linux/8/include-fixed"]
  ignore line: [ignoring nonexistent directory "/usr/lib/gcc/x86_64-redhat-linux/8/../../../../x86_64-redhat-linux/include"]
  ignore line: [#include "..." search starts here:]
  ignore line: [#include <...> search starts here:]
  ignore line: [ /software/spackages/linux-centos8-x86_64/gcc-8.4.1/boost-1.65.0-7khgefmy7b6h33q2bvsa4gwbtyathj37/include]
  ignore line: [ /software/spackages/linux-centos8-x86_64/gcc-8.4.1/hwloc-1.11.11-lomvaodzuhiy6e4ep77gizazaudfd7lw/include]
  ignore line: [ /software/spackages/linux-centos8-x86_64/gcc-8.4.1/libiconv-1.16-5w3k7reekk6hcreoiw4ctkidltpery7x/include]
  ignore line: [ /software/spackages/linux-centos8-x86_64/gcc-8.4.1/libpciaccess-0.16-vk6vkhypqo2gantbng2hifdkzsfa4vi6/include]
  ignore line: [ /software/spackages/linux-centos8-x86_64/gcc-8.4.1/libxml2-2.9.10-4juad7kpcxw7ko2ubahhi7tnlritl2aq/include]
  ignore line: [ /software/spackages/linux-centos8-x86_64/gcc-8.4.1/numactl-2.0.14-rh7djo5fq4g5kee4wijvqxqinr7stx3r/include]
  ignore line: [ /software/spackages/linux-centos8-x86_64/gcc-8.4.1/openmpi-3.1.6-vgm2v2kplihuze3q5ozerlxzman3scic/include]
  ignore line: [ /software/spackages/linux-centos8-x86_64/gcc-8.4.1/zlib-1.2.11-gvnjtfqd5zskg2eeduzbqlakpdmpzne4/include]
  ignore line: [ /software/spackages/linux-centos8-x86_64/gcc-8.3.1/cuda-10.2.89-bsydnscqeeeoytpr2buzenenj2uex3ux/include]
  ignore line: [ /usr/lib/gcc/x86_64-redhat-linux/8/../../../../include/c++/8]
  ignore line: [ /usr/lib/gcc/x86_64-redhat-linux/8/../../../../include/c++/8/x86_64-redhat-linux]
  ignore line: [ /usr/lib/gcc/x86_64-redhat-linux/8/../../../../include/c++/8/backward]
  ignore line: [ /usr/lib/gcc/x86_64-redhat-linux/8/include]
  ignore line: [ /usr/local/include]
  ignore line: [ /usr/include]
  ignore line: [End of search list.]
  ignore line: [GNU C++14 (GCC) version 8.4.1 20200928 (Red Hat 8.4.1-1) (x86_64-redhat-linux)]
  ignore line: [	compiled by GNU C version 8.4.1 20200928 (Red Hat 8.4.1-1)  GMP version 6.1.2  MPFR version 3.1.6-p2  MPC version 1.0.2  isl version isl-0.16.1-GMP]
  ignore line: []
  ignore line: [warning: MPC header version 1.0.2 differs from library version 1.1.0.]
  ignore line: [GGC heuristics: --param ggc-min-expand=100 --param ggc-min-heapsize=131072]
  ignore line: [Compiler executable checksum: 38c2e671f40afe50da0df14ae856e910]
  ignore line: [COLLECT_GCC_OPTIONS='-v' '-o' 'CMakeFiles/cmTC_4d376.dir/CMakeCXXCompilerABI.cpp.o' '-c' '-shared-libgcc' '-mtune=generic' '-march=x86-64']
  ignore line: [ as -v --64 -o CMakeFiles/cmTC_4d376.dir/CMakeCXXCompilerABI.cpp.o /local_scratch/pbs.3967459.pbs02/ccmzXhQp.s]
  ignore line: [GNU assembler version 2.30 (x86_64-redhat-linux) using BFD version version 2.30-93.el8]
  ignore line: [COMPILER_PATH=/usr/libexec/gcc/x86_64-redhat-linux/8/:/usr/libexec/gcc/x86_64-redhat-linux/8/:/usr/libexec/gcc/x86_64-redhat-linux/:/usr/lib/gcc/x86_64-redhat-linux/8/:/usr/lib/gcc/x86_64-redhat-linux/]
  ignore line: [LIBRARY_PATH=/usr/lib/gcc/x86_64-redhat-linux/8/:/usr/lib/gcc/x86_64-redhat-linux/8/../../../../lib64/:/lib/../lib64/:/usr/lib/../lib64/:/software/spackages/linux-centos8-x86_64/gcc-8.4.1/boost-1.65.0-7khgefmy7b6h33q2bvsa4gwbtyathj37/lib/:/software/spackages/linux-centos8-x86_64/gcc-8.4.1/hwloc-1.11.11-lomvaodzuhiy6e4ep77gizazaudfd7lw/lib/:/software/spackages/linux-centos8-x86_64/gcc-8.4.1/libiconv-1.16-5w3k7reekk6hcreoiw4ctkidltpery7x/lib/:/software/spackages/linux-centos8-x86_64/gcc-8.4.1/libpciaccess-0.16-vk6vkhypqo2gantbng2hifdkzsfa4vi6/lib/:/software/spackages/linux-centos8-x86_64/gcc-8.4.1/libxml2-2.9.10-4juad7kpcxw7ko2ubahhi7tnlritl2aq/lib/:/software/spackages/linux-centos8-x86_64/gcc-8.4.1/numactl-2.0.14-rh7djo5fq4g5kee4wijvqxqinr7stx3r/lib/:/software/spackages/linux-centos8-x86_64/gcc-8.4.1/openmpi-3.1.6-vgm2v2kplihuze3q5ozerlxzman3scic/lib/:/software/spackages/linux-centos8-x86_64/gcc-8.4.1/zlib-1.2.11-gvnjtfqd5zskg2eeduzbqlakpdmpzne4/lib/:/software/spackages/linux-centos8-x86_64/gcc-8.3.1/cuda-10.2.89-bsydnscqeeeoytpr2buzenenj2uex3ux/lib64/:/usr/lib/gcc/x86_64-redhat-linux/8/../../../:/lib/:/usr/lib/]
  ignore line: [COLLECT_GCC_OPTIONS='-v' '-o' 'CMakeFiles/cmTC_4d376.dir/CMakeCXXCompilerABI.cpp.o' '-c' '-shared-libgcc' '-mtune=generic' '-march=x86-64']
  ignore line: [Linking CXX executable cmTC_4d376]
  ignore line: [/usr/bin/cmake -E cmake_link_script CMakeFiles/cmTC_4d376.dir/link.txt --verbose=1]
  ignore line: [/bin/c++  -v CMakeFiles/cmTC_4d376.dir/CMakeCXXCompilerABI.cpp.o -o cmTC_4d376 ]
  ignore line: [Using built-in specs.]
  ignore line: [COLLECT_GCC=/bin/c++]
  ignore line: [COLLECT_LTO_WRAPPER=/usr/libexec/gcc/x86_64-redhat-linux/8/lto-wrapper]
  ignore line: [OFFLOAD_TARGET_NAMES=nvptx-none]
  ignore line: [OFFLOAD_TARGET_DEFAULT=1]
  ignore line: [Target: x86_64-redhat-linux]
  ignore line: [Configured with: ../configure --enable-bootstrap --enable-languages=c c++ fortran lto --prefix=/usr --mandir=/usr/share/man --infodir=/usr/share/info --with-bugurl=http://bugzilla.redhat.com/bugzilla --enable-shared --enable-threads=posix --enable-checking=release --enable-multilib --with-system-zlib --enable-__cxa_atexit --disable-libunwind-exceptions --enable-gnu-unique-object --enable-linker-build-id --with-gcc-major-version-only --with-linker-hash-style=gnu --enable-plugin --enable-initfini-array --with-isl --disable-libmpx --enable-offload-targets=nvptx-none --without-cuda-driver --enable-gnu-indirect-function --enable-cet --with-tune=generic --with-arch_32=x86-64 --build=x86_64-redhat-linux]
  ignore line: [Thread model: posix]
  ignore line: [gcc version 8.4.1 20200928 (Red Hat 8.4.1-1) (GCC) ]
  ignore line: [COMPILER_PATH=/usr/libexec/gcc/x86_64-redhat-linux/8/:/usr/libexec/gcc/x86_64-redhat-linux/8/:/usr/libexec/gcc/x86_64-redhat-linux/:/usr/lib/gcc/x86_64-redhat-linux/8/:/usr/lib/gcc/x86_64-redhat-linux/]
  ignore line: [LIBRARY_PATH=/usr/lib/gcc/x86_64-redhat-linux/8/:/usr/lib/gcc/x86_64-redhat-linux/8/../../../../lib64/:/lib/../lib64/:/usr/lib/../lib64/:/software/spackages/linux-centos8-x86_64/gcc-8.4.1/boost-1.65.0-7khgefmy7b6h33q2bvsa4gwbtyathj37/lib/:/software/spackages/linux-centos8-x86_64/gcc-8.4.1/hwloc-1.11.11-lomvaodzuhiy6e4ep77gizazaudfd7lw/lib/:/software/spackages/linux-centos8-x86_64/gcc-8.4.1/libiconv-1.16-5w3k7reekk6hcreoiw4ctkidltpery7x/lib/:/software/spackages/linux-centos8-x86_64/gcc-8.4.1/libpciaccess-0.16-vk6vkhypqo2gantbng2hifdkzsfa4vi6/lib/:/software/spackages/linux-centos8-x86_64/gcc-8.4.1/libxml2-2.9.10-4juad7kpcxw7ko2ubahhi7tnlritl2aq/lib/:/software/spackages/linux-centos8-x86_64/gcc-8.4.1/numactl-2.0.14-rh7djo5fq4g5kee4wijvqxqinr7stx3r/lib/:/software/spackages/linux-centos8-x86_64/gcc-8.4.1/openmpi-3.1.6-vgm2v2kplihuze3q5ozerlxzman3scic/lib/:/software/spackages/linux-centos8-x86_64/gcc-8.4.1/zlib-1.2.11-gvnjtfqd5zskg2eeduzbqlakpdmpzne4/lib/:/software/spackages/linux-centos8-x86_64/gcc-8.3.1/cuda-10.2.89-bsydnscqeeeoytpr2buzenenj2uex3ux/lib64/:/usr/lib/gcc/x86_64-redhat-linux/8/../../../:/lib/:/usr/lib/]
  ignore line: [COLLECT_GCC_OPTIONS='-v' '-o' 'cmTC_4d376' '-shared-libgcc' '-mtune=generic' '-march=x86-64']
  link line: [ /usr/libexec/gcc/x86_64-redhat-linux/8/collect2 -plugin /usr/libexec/gcc/x86_64-redhat-linux/8/liblto_plugin.so -plugin-opt=/usr/libexec/gcc/x86_64-redhat-linux/8/lto-wrapper -plugin-opt=-fresolution=/local_scratch/pbs.3967459.pbs02/ccxSnZE9.res -plugin-opt=-pass-through=-lgcc_s -plugin-opt=-pass-through=-lgcc -plugin-opt=-pass-through=-lc -plugin-opt=-pass-through=-lgcc_s -plugin-opt=-pass-through=-lgcc --build-id --no-add-needed --eh-frame-hdr --hash-style=gnu -m elf_x86_64 -dynamic-linker /lib64/ld-linux-x86-64.so.2 -o cmTC_4d376 /usr/lib/gcc/x86_64-redhat-linux/8/../../../../lib64/crt1.o /usr/lib/gcc/x86_64-redhat-linux/8/../../../../lib64/crti.o /usr/lib/gcc/x86_64-redhat-linux/8/crtbegin.o -L/usr/lib/gcc/x86_64-redhat-linux/8 -L/usr/lib/gcc/x86_64-redhat-linux/8/../../../../lib64 -L/lib/../lib64 -L/usr/lib/../lib64 -L/software/spackages/linux-centos8-x86_64/gcc-8.4.1/boost-1.65.0-7khgefmy7b6h33q2bvsa4gwbtyathj37/lib -L/software/spackages/linux-centos8-x86_64/gcc-8.4.1/hwloc-1.11.11-lomvaodzuhiy6e4ep77gizazaudfd7lw/lib -L/software/spackages/linux-centos8-x86_64/gcc-8.4.1/libiconv-1.16-5w3k7reekk6hcreoiw4ctkidltpery7x/lib -L/software/spackages/linux-centos8-x86_64/gcc-8.4.1/libpciaccess-0.16-vk6vkhypqo2gantbng2hifdkzsfa4vi6/lib -L/software/spackages/linux-centos8-x86_64/gcc-8.4.1/libxml2-2.9.10-4juad7kpcxw7ko2ubahhi7tnlritl2aq/lib -L/software/spackages/linux-centos8-x86_64/gcc-8.4.1/numactl-2.0.14-rh7djo5fq4g5kee4wijvqxqinr7stx3r/lib -L/software/spackages/linux-centos8-x86_64/gcc-8.4.1/openmpi-3.1.6-vgm2v2kplihuze3q5ozerlxzman3scic/lib -L/software/spackages/linux-centos8-x86_64/gcc-8.4.1/zlib-1.2.11-gvnjtfqd5zskg2eeduzbqlakpdmpzne4/lib -L/software/spackages/linux-centos8-x86_64/gcc-8.3.1/cuda-10.2.89-bsydnscqeeeoytpr2buzenenj2uex3ux/lib64 -L/usr/lib/gcc/x86_64-redhat-linux/8/../../.. CMakeFiles/cmTC_4d376.dir/CMakeCXXCompilerABI.cpp.o -lstdc++ -lm -lgcc_s -lgcc -lc -lgcc_s -lgcc /usr/lib/gcc/x86_64-redhat-linux/8/crtend.o /usr/lib/gcc/x86_64-redhat-linux/8/../../../../lib64/crtn.o]
    arg [/usr/libexec/gcc/x86_64-redhat-linux/8/collect2] ==> ignore
    arg [-plugin] ==> ignore
    arg [/usr/libexec/gcc/x86_64-redhat-linux/8/liblto_plugin.so] ==> ignore
    arg [-plugin-opt=/usr/libexec/gcc/x86_64-redhat-linux/8/lto-wrapper] ==> ignore
    arg [-plugin-opt=-fresolution=/local_scratch/pbs.3967459.pbs02/ccxSnZE9.res] ==> ignore
    arg [-plugin-opt=-pass-through=-lgcc_s] ==> ignore
    arg [-plugin-opt=-pass-through=-lgcc] ==> ignore
    arg [-plugin-opt=-pass-through=-lc] ==> ignore
    arg [-plugin-opt=-pass-through=-lgcc_s] ==> ignore
    arg [-plugin-opt=-pass-through=-lgcc] ==> ignore
    arg [--build-id] ==> ignore
    arg [--no-add-needed] ==> ignore
    arg [--eh-frame-hdr] ==> ignore
    arg [--hash-style=gnu] ==> ignore
    arg [-m] ==> ignore
    arg [elf_x86_64] ==> ignore
    arg [-dynamic-linker] ==> ignore
    arg [/lib64/ld-linux-x86-64.so.2] ==> ignore
    arg [-o] ==> ignore
    arg [cmTC_4d376] ==> ignore
    arg [/usr/lib/gcc/x86_64-redhat-linux/8/../../../../lib64/crt1.o] ==> ignore
    arg [/usr/lib/gcc/x86_64-redhat-linux/8/../../../../lib64/crti.o] ==> ignore
    arg [/usr/lib/gcc/x86_64-redhat-linux/8/crtbegin.o] ==> ignore
    arg [-L/usr/lib/gcc/x86_64-redhat-linux/8] ==> dir [/usr/lib/gcc/x86_64-redhat-linux/8]
    arg [-L/usr/lib/gcc/x86_64-redhat-linux/8/../../../../lib64] ==> dir [/usr/lib/gcc/x86_64-redhat-linux/8/../../../../lib64]
    arg [-L/lib/../lib64] ==> dir [/lib/../lib64]
    arg [-L/usr/lib/../lib64] ==> dir [/usr/lib/../lib64]
    arg [-L/software/spackages/linux-centos8-x86_64/gcc-8.4.1/boost-1.65.0-7khgefmy7b6h33q2bvsa4gwbtyathj37/lib] ==> dir [/software/spackages/linux-centos8-x86_64/gcc-8.4.1/boost-1.65.0-7khgefmy7b6h33q2bvsa4gwbtyathj37/lib]
    arg [-L/software/spackages/linux-centos8-x86_64/gcc-8.4.1/hwloc-1.11.11-lomvaodzuhiy6e4ep77gizazaudfd7lw/lib] ==> dir [/software/spackages/linux-centos8-x86_64/gcc-8.4.1/hwloc-1.11.11-lomvaodzuhiy6e4ep77gizazaudfd7lw/lib]
    arg [-L/software/spackages/linux-centos8-x86_64/gcc-8.4.1/libiconv-1.16-5w3k7reekk6hcreoiw4ctkidltpery7x/lib] ==> dir [/software/spackages/linux-centos8-x86_64/gcc-8.4.1/libiconv-1.16-5w3k7reekk6hcreoiw4ctkidltpery7x/lib]
    arg [-L/software/spackages/linux-centos8-x86_64/gcc-8.4.1/libpciaccess-0.16-vk6vkhypqo2gantbng2hifdkzsfa4vi6/lib] ==> dir [/software/spackages/linux-centos8-x86_64/gcc-8.4.1/libpciaccess-0.16-vk6vkhypqo2gantbng2hifdkzsfa4vi6/lib]
    arg [-L/software/spackages/linux-centos8-x86_64/gcc-8.4.1/libxml2-2.9.10-4juad7kpcxw7ko2ubahhi7tnlritl2aq/lib] ==> dir [/software/spackages/linux-centos8-x86_64/gcc-8.4.1/libxml2-2.9.10-4juad7kpcxw7ko2ubahhi7tnlritl2aq/lib]
    arg [-L/software/spackages/linux-centos8-x86_64/gcc-8.4.1/numactl-2.0.14-rh7djo5fq4g5kee4wijvqxqinr7stx3r/lib] ==> dir [/software/spackages/linux-centos8-x86_64/gcc-8.4.1/numactl-2.0.14-rh7djo5fq4g5kee4wijvqxqinr7stx3r/lib]
    arg [-L/software/spackages/linux-centos8-x86_64/gcc-8.4.1/openmpi-3.1.6-vgm2v2kplihuze3q5ozerlxzman3scic/lib] ==> dir [/software/spackages/linux-centos8-x86_64/gcc-8.4.1/openmpi-3.1.6-vgm2v2kplihuze3q5ozerlxzman3scic/lib]
    arg [-L/software/spackages/linux-centos8-x86_64/gcc-8.4.1/zlib-1.2.11-gvnjtfqd5zskg2eeduzbqlakpdmpzne4/lib] ==> dir [/software/spackages/linux-centos8-x86_64/gcc-8.4.1/zlib-1.2.11-gvnjtfqd5zskg2eeduzbqlakpdmpzne4/lib]
    arg [-L/software/spackages/linux-centos8-x86_64/gcc-8.3.1/cuda-10.2.89-bsydnscqeeeoytpr2buzenenj2uex3ux/lib64] ==> dir [/software/spackages/linux-centos8-x86_64/gcc-8.3.1/cuda-10.2.89-bsydnscqeeeoytpr2buzenenj2uex3ux/lib64]
    arg [-L/usr/lib/gcc/x86_64-redhat-linux/8/../../..] ==> dir [/usr/lib/gcc/x86_64-redhat-linux/8/../../..]
    arg [CMakeFiles/cmTC_4d376.dir/CMakeCXXCompilerABI.cpp.o] ==> ignore
    arg [-lstdc++] ==> lib [stdc++]
    arg [-lm] ==> lib [m]
    arg [-lgcc_s] ==> lib [gcc_s]
    arg [-lgcc] ==> lib [gcc]
    arg [-lc] ==> lib [c]
    arg [-lgcc_s] ==> lib [gcc_s]
    arg [-lgcc] ==> lib [gcc]
    arg [/usr/lib/gcc/x86_64-redhat-linux/8/crtend.o] ==> ignore
    arg [/usr/lib/gcc/x86_64-redhat-linux/8/../../../../lib64/crtn.o] ==> ignore
  collapse library dir [/usr/lib/gcc/x86_64-redhat-linux/8] ==> [/usr/lib/gcc/x86_64-redhat-linux/8]
  collapse library dir [/usr/lib/gcc/x86_64-redhat-linux/8/../../../../lib64] ==> [/usr/lib64]
  collapse library dir [/lib/../lib64] ==> [/lib64]
  collapse library dir [/usr/lib/../lib64] ==> [/usr/lib64]
  collapse library dir [/software/spackages/linux-centos8-x86_64/gcc-8.4.1/boost-1.65.0-7khgefmy7b6h33q2bvsa4gwbtyathj37/lib] ==> [/software/spackages/linux-centos8-x86_64/gcc-8.4.1/boost-1.65.0-7khgefmy7b6h33q2bvsa4gwbtyathj37/lib]
  collapse library dir [/software/spackages/linux-centos8-x86_64/gcc-8.4.1/hwloc-1.11.11-lomvaodzuhiy6e4ep77gizazaudfd7lw/lib] ==> [/software/spackages/linux-centos8-x86_64/gcc-8.4.1/hwloc-1.11.11-lomvaodzuhiy6e4ep77gizazaudfd7lw/lib]
  collapse library dir [/software/spackages/linux-centos8-x86_64/gcc-8.4.1/libiconv-1.16-5w3k7reekk6hcreoiw4ctkidltpery7x/lib] ==> [/software/spackages/linux-centos8-x86_64/gcc-8.4.1/libiconv-1.16-5w3k7reekk6hcreoiw4ctkidltpery7x/lib]
  collapse library dir [/software/spackages/linux-centos8-x86_64/gcc-8.4.1/libpciaccess-0.16-vk6vkhypqo2gantbng2hifdkzsfa4vi6/lib] ==> [/software/spackages/linux-centos8-x86_64/gcc-8.4.1/libpciaccess-0.16-vk6vkhypqo2gantbng2hifdkzsfa4vi6/lib]
  collapse library dir [/software/spackages/linux-centos8-x86_64/gcc-8.4.1/libxml2-2.9.10-4juad7kpcxw7ko2ubahhi7tnlritl2aq/lib] ==> [/software/spackages/linux-centos8-x86_64/gcc-8.4.1/libxml2-2.9.10-4juad7kpcxw7ko2ubahhi7tnlritl2aq/lib]
  collapse library dir [/software/spackages/linux-centos8-x86_64/gcc-8.4.1/numactl-2.0.14-rh7djo5fq4g5kee4wijvqxqinr7stx3r/lib] ==> [/software/spackages/linux-centos8-x86_64/gcc-8.4.1/numactl-2.0.14-rh7djo5fq4g5kee4wijvqxqinr7stx3r/lib]
  collapse library dir [/software/spackages/linux-centos8-x86_64/gcc-8.4.1/openmpi-3.1.6-vgm2v2kplihuze3q5ozerlxzman3scic/lib] ==> [/software/spackages/linux-centos8-x86_64/gcc-8.4.1/openmpi-3.1.6-vgm2v2kplihuze3q5ozerlxzman3scic/lib]
  collapse library dir [/software/spackages/linux-centos8-x86_64/gcc-8.4.1/zlib-1.2.11-gvnjtfqd5zskg2eeduzbqlakpdmpzne4/lib] ==> [/software/spackages/linux-centos8-x86_64/gcc-8.4.1/zlib-1.2.11-gvnjtfqd5zskg2eeduzbqlakpdmpzne4/lib]
  collapse library dir [/software/spackages/linux-centos8-x86_64/gcc-8.3.1/cuda-10.2.89-bsydnscqeeeoytpr2buzenenj2uex3ux/lib64] ==> [/software/spackages/linux-centos8-x86_64/gcc-8.3.1/cuda-10.2.89-bsydnscqeeeoytpr2buzenenj2uex3ux/lib64]
  collapse library dir [/usr/lib/gcc/x86_64-redhat-linux/8/../../..] ==> [/usr/lib]
  implicit libs: [stdc++;m;gcc_s;gcc;c;gcc_s;gcc]
  implicit dirs: [/usr/lib/gcc/x86_64-redhat-linux/8;/usr/lib64;/lib64;/software/spackages/linux-centos8-x86_64/gcc-8.4.1/boost-1.65.0-7khgefmy7b6h33q2bvsa4gwbtyathj37/lib;/software/spackages/linux-centos8-x86_64/gcc-8.4.1/hwloc-1.11.11-lomvaodzuhiy6e4ep77gizazaudfd7lw/lib;/software/spackages/linux-centos8-x86_64/gcc-8.4.1/libiconv-1.16-5w3k7reekk6hcreoiw4ctkidltpery7x/lib;/software/spackages/linux-centos8-x86_64/gcc-8.4.1/libpciaccess-0.16-vk6vkhypqo2gantbng2hifdkzsfa4vi6/lib;/software/spackages/linux-centos8-x86_64/gcc-8.4.1/libxml2-2.9.10-4juad7kpcxw7ko2ubahhi7tnlritl2aq/lib;/software/spackages/linux-centos8-x86_64/gcc-8.4.1/numactl-2.0.14-rh7djo5fq4g5kee4wijvqxqinr7stx3r/lib;/software/spackages/linux-centos8-x86_64/gcc-8.4.1/openmpi-3.1.6-vgm2v2kplihuze3q5ozerlxzman3scic/lib;/software/spackages/linux-centos8-x86_64/gcc-8.4.1/zlib-1.2.11-gvnjtfqd5zskg2eeduzbqlakpdmpzne4/lib;/software/spackages/linux-centos8-x86_64/gcc-8.3.1/cuda-10.2.89-bsydnscqeeeoytpr2buzenenj2uex3ux/lib64;/usr/lib]
  implicit fwks: []


Determining if the include file pthread.h exists passed with the following output:
Change Dir: /home/mikailg/ECE8930/veloc_src/build/CMakeFiles/CMakeTmp

Run Build Command(s):/bin/gmake cmTC_978ea/fast && /bin/gmake  -f CMakeFiles/cmTC_978ea.dir/build.make CMakeFiles/cmTC_978ea.dir/build
gmake[1]: Entering directory '/home/mikailg/ECE8930/veloc_src/build/CMakeFiles/CMakeTmp'
Building C object CMakeFiles/cmTC_978ea.dir/CheckIncludeFile.c.o
/bin/cc    -o CMakeFiles/cmTC_978ea.dir/CheckIncludeFile.c.o -c /home/mikailg/ECE8930/veloc_src/build/CMakeFiles/CMakeTmp/CheckIncludeFile.c
Linking C executable cmTC_978ea
/usr/bin/cmake -E cmake_link_script CMakeFiles/cmTC_978ea.dir/link.txt --verbose=1
/bin/cc CMakeFiles/cmTC_978ea.dir/CheckIncludeFile.c.o -o cmTC_978ea 
gmake[1]: Leaving directory '/home/mikailg/ECE8930/veloc_src/build/CMakeFiles/CMakeTmp'



Determining if the function pthread_create exists in the pthread passed with the following output:
Change Dir: /home/mikailg/ECE8930/veloc_src/build/CMakeFiles/CMakeTmp

Run Build Command(s):/bin/gmake cmTC_63fc1/fast && /bin/gmake  -f CMakeFiles/cmTC_63fc1.dir/build.make CMakeFiles/cmTC_63fc1.dir/build
gmake[1]: Entering directory '/home/mikailg/ECE8930/veloc_src/build/CMakeFiles/CMakeTmp'
Building C object CMakeFiles/cmTC_63fc1.dir/CheckFunctionExists.c.o
/bin/cc   -DCHECK_FUNCTION_EXISTS=pthread_create -o CMakeFiles/cmTC_63fc1.dir/CheckFunctionExists.c.o -c /usr/share/cmake/Modules/CheckFunctionExists.c
Linking C executable cmTC_63fc1
/usr/bin/cmake -E cmake_link_script CMakeFiles/cmTC_63fc1.dir/link.txt --verbose=1
/bin/cc  -DCHECK_FUNCTION_EXISTS=pthread_create CMakeFiles/cmTC_63fc1.dir/CheckFunctionExists.c.o -o cmTC_63fc1  -lpthread 
gmake[1]: Leaving directory '/home/mikailg/ECE8930/veloc_src/build/CMakeFiles/CMakeTmp'



