Performing C SOURCE FILE Test CMAKE_HAVE_LIBC_PTHREAD failed with the following output:
Change Dir: /home/mikailg/ECE8930/veloc_src/build/CMakeFiles/CMakeTmp

Run Build Command(s):/bin/gmake cmTC_eef5f/fast && /bin/gmake  -f CMakeFiles/cmTC_eef5f.dir/build.make CMakeFiles/cmTC_eef5f.dir/build
gmake[1]: Entering directory '/home/mikailg/ECE8930/veloc_src/build/CMakeFiles/CMakeTmp'
Building C object CMakeFiles/cmTC_eef5f.dir/src.c.o
/bin/cc   -DCMAKE_HAVE_LIBC_PTHREAD -o CMakeFiles/cmTC_eef5f.dir/src.c.o -c /home/mikailg/ECE8930/veloc_src/build/CMakeFiles/CMakeTmp/src.c
Linking C executable cmTC_eef5f
/usr/bin/cmake -E cmake_link_script CMakeFiles/cmTC_eef5f.dir/link.txt --verbose=1
/bin/cc  -DCMAKE_HAVE_LIBC_PTHREAD CMakeFiles/cmTC_eef5f.dir/src.c.o -o cmTC_eef5f 
CMakeFiles/cmTC_eef5f.dir/src.c.o: In function `main':
src.c:(.text+0x2d): undefined reference to `pthread_create'
src.c:(.text+0x39): undefined reference to `pthread_detach'
src.c:(.text+0x45): undefined reference to `pthread_cancel'
src.c:(.text+0x56): undefined reference to `pthread_join'
collect2: error: ld returned 1 exit status
gmake[1]: *** [CMakeFiles/cmTC_eef5f.dir/build.make:106: cmTC_eef5f] Error 1
gmake[1]: Leaving directory '/home/mikailg/ECE8930/veloc_src/build/CMakeFiles/CMakeTmp'
gmake: *** [Makefile:140: cmTC_eef5f/fast] Error 2


Source file was:
#include <pthread.h>

void* test_func(void* data)
{
  return data;
}

int main(void)
{
  pthread_t thread;
  pthread_create(&thread, NULL, test_func, NULL);
  pthread_detach(thread);
  pthread_cancel(thread);
  pthread_join(thread, NULL);
  pthread_atfork(NULL, NULL, NULL);
  pthread_exit(NULL);

  return 0;
}

Determining if the function pthread_create exists in the pthreads failed with the following output:
Change Dir: /home/mikailg/ECE8930/veloc_src/build/CMakeFiles/CMakeTmp

Run Build Command(s):/bin/gmake cmTC_e0271/fast && /bin/gmake  -f CMakeFiles/cmTC_e0271.dir/build.make CMakeFiles/cmTC_e0271.dir/build
gmake[1]: Entering directory '/home/mikailg/ECE8930/veloc_src/build/CMakeFiles/CMakeTmp'
Building C object CMakeFiles/cmTC_e0271.dir/CheckFunctionExists.c.o
/bin/cc   -DCHECK_FUNCTION_EXISTS=pthread_create -o CMakeFiles/cmTC_e0271.dir/CheckFunctionExists.c.o -c /usr/share/cmake/Modules/CheckFunctionExists.c
Linking C executable cmTC_e0271
/usr/bin/cmake -E cmake_link_script CMakeFiles/cmTC_e0271.dir/link.txt --verbose=1
/bin/cc  -DCHECK_FUNCTION_EXISTS=pthread_create CMakeFiles/cmTC_e0271.dir/CheckFunctionExists.c.o -o cmTC_e0271  -lpthreads 
/bin/ld: cannot find -lpthreads
collect2: error: ld returned 1 exit status
gmake[1]: *** [CMakeFiles/cmTC_e0271.dir/build.make:106: cmTC_e0271] Error 1
gmake[1]: Leaving directory '/home/mikailg/ECE8930/veloc_src/build/CMakeFiles/CMakeTmp'
gmake: *** [Makefile:140: cmTC_e0271/fast] Error 2



